---------------------------------------------------------------
[ 2018-04-01T22:11:01+08:00 ] 127.0.0.1 GET /
[ info ] 127.0.0.4/ [运行时间：0.080005s][吞吐率：12.50req/s] [内存消耗：1,172.27kb] [文件加载：65]
[ info ] [ LANG ] D:\tpflow\thinkphp\lang\zh-cn.php
[ info ] [ ROUTE ] array (
)
[ info ] [ HEADER ] array (
  'accept-language' => 'zh-CN,zh;q=0.9',
  'accept-encoding' => 'gzip, deflate, br',
  'accept' => 'text/html,application/xhtml+xml,application/xml;q=0.9,image/webp,image/apng,*/*;q=0.8',
  'upgrade-insecure-requests' => '1',
  'user-agent' => 'Mozilla/5.0 (Windows NT 6.1; Win64; x64) AppleWebKit/537.36 (KHTML, like Gecko) Chrome/63.0.3239.84 Safari/537.36',
  'connection' => 'close',
  'host' => '127.0.0.4',
)
[ info ] [ PARAM ] array (
)
[ info ] [ LOG ] INIT File
[ error ] [8]未定义数组索引: signature[D:\tpflow\extend\workflow\msg\wechat.php:63]
---------------------------------------------------------------
[ 2018-04-01T22:15:56+08:00 ] 127.0.0.1 GET /
[ info ] 127.0.0.4/ [运行时间：0.046003s][吞吐率：21.74req/s] [内存消耗：1,135.66kb] [文件加载：64]
[ info ] [ LANG ] D:\tpflow\thinkphp\lang\zh-cn.php
[ info ] [ ROUTE ] array (
)
[ info ] [ HEADER ] array (
  'accept-language' => 'zh-CN,zh;q=0.9',
  'accept-encoding' => 'gzip, deflate, br',
  'accept' => 'text/html,application/xhtml+xml,application/xml;q=0.9,image/webp,image/apng,*/*;q=0.8',
  'upgrade-insecure-requests' => '1',
  'user-agent' => 'Mozilla/5.0 (Windows NT 6.1; Win64; x64) AppleWebKit/537.36 (KHTML, like Gecko) Chrome/63.0.3239.84 Safari/537.36',
  'cache-control' => 'max-age=0',
  'connection' => 'close',
  'host' => '127.0.0.4',
)
[ info ] [ PARAM ] array (
)
[ info ] [ LOG ] INIT File
[ error ] [0]语法解析错误: syntax error, unexpected '<', expecting function (T_FUNCTION) or const (T_CONST)[D:\tpflow\extend\workflow\msg\wechat.php:21]
---------------------------------------------------------------
[ 2018-04-01T22:16:17+08:00 ] 127.0.0.1 GET /
[ info ] 127.0.0.4/ [运行时间：0.048002s][吞吐率：20.83req/s] [内存消耗：1,135.69kb] [文件加载：64]
[ info ] [ LANG ] D:\tpflow\thinkphp\lang\zh-cn.php
[ info ] [ ROUTE ] array (
)
[ info ] [ HEADER ] array (
  'accept-language' => 'zh-CN,zh;q=0.9',
  'accept-encoding' => 'gzip, deflate, br',
  'accept' => 'text/html,application/xhtml+xml,application/xml;q=0.9,image/webp,image/apng,*/*;q=0.8',
  'upgrade-insecure-requests' => '1',
  'user-agent' => 'Mozilla/5.0 (Windows NT 6.1; Win64; x64) AppleWebKit/537.36 (KHTML, like Gecko) Chrome/63.0.3239.84 Safari/537.36',
  'cache-control' => 'max-age=0',
  'connection' => 'close',
  'host' => '127.0.0.4',
)
[ info ] [ PARAM ] array (
)
[ info ] [ LOG ] INIT File
[ error ] [0]语法解析错误: syntax error, unexpected '　　　　' (T_STRING), expecting function (T_FUNCTION) or const (T_CONST)[D:\tpflow\extend\workflow\msg\wechat.php:21]
---------------------------------------------------------------
[ 2018-04-01T22:16:32+08:00 ] 127.0.0.1 GET /
[ info ] 127.0.0.4/ [运行时间：0.055602s][吞吐率：17.99req/s] [内存消耗：1,135.41kb] [文件加载：64]
[ info ] [ LANG ] D:\tpflow\thinkphp\lang\zh-cn.php
[ info ] [ ROUTE ] array (
)
[ info ] [ HEADER ] array (
  'accept-language' => 'zh-CN,zh;q=0.9',
  'accept-encoding' => 'gzip, deflate, br',
  'accept' => 'text/html,application/xhtml+xml,application/xml;q=0.9,image/webp,image/apng,*/*;q=0.8',
  'upgrade-insecure-requests' => '1',
  'user-agent' => 'Mozilla/5.0 (Windows NT 6.1; Win64; x64) AppleWebKit/537.36 (KHTML, like Gecko) Chrome/63.0.3239.84 Safari/537.36',
  'cache-control' => 'max-age=0',
  'connection' => 'close',
  'host' => '127.0.0.4',
)
[ info ] [ PARAM ] array (
)
[ info ] [ LOG ] INIT File
[ error ] [0]语法解析错误: syntax error, unexpected '}'[D:\tpflow\extend\workflow\msg\wechat.php:119]
---------------------------------------------------------------
[ 2018-04-01T22:16:50+08:00 ] 127.0.0.1 GET /
[ info ] 127.0.0.4/ [运行时间：0.060004s][吞吐率：16.67req/s] [内存消耗：1,147.08kb] [文件加载：64]
[ info ] [ LANG ] D:\tpflow\thinkphp\lang\zh-cn.php
[ info ] [ ROUTE ] array (
)
[ info ] [ HEADER ] array (
  'accept-language' => 'zh-CN,zh;q=0.9',
  'accept-encoding' => 'gzip, deflate, br',
  'accept' => 'text/html,application/xhtml+xml,application/xml;q=0.9,image/webp,image/apng,*/*;q=0.8',
  'upgrade-insecure-requests' => '1',
  'user-agent' => 'Mozilla/5.0 (Windows NT 6.1; Win64; x64) AppleWebKit/537.36 (KHTML, like Gecko) Chrome/63.0.3239.84 Safari/537.36',
  'cache-control' => 'max-age=0',
  'connection' => 'close',
  'host' => '127.0.0.4',
)
[ info ] [ PARAM ] array (
)
[ info ] [ LOG ] INIT File
[ error ] [0]类型错误: Too few arguments to function workflow\Wechat::__construct(), 1 passed in D:\tpflow\extend\workflow\workflow.php on line 149 and exactly 2 expected[D:\tpflow\extend\workflow\msg\wechat.php:17]
---------------------------------------------------------------
[ 2018-04-01T22:23:04+08:00 ] 127.0.0.1 GET /
[ info ] 127.0.0.4/ [运行时间：1.045060s][吞吐率：0.96req/s] [内存消耗：2,056.41kb] [文件加载：73]
[ info ] [ LANG ] D:\tpflow\thinkphp\lang\zh-cn.php
[ info ] [ ROUTE ] array (
)
[ info ] [ HEADER ] array (
  'accept-language' => 'zh-CN,zh;q=0.9',
  'accept-encoding' => 'gzip, deflate, br',
  'accept' => 'text/html,application/xhtml+xml,application/xml;q=0.9,image/webp,image/apng,*/*;q=0.8',
  'upgrade-insecure-requests' => '1',
  'user-agent' => 'Mozilla/5.0 (Windows NT 6.1; Win64; x64) AppleWebKit/537.36 (KHTML, like Gecko) Chrome/63.0.3239.84 Safari/537.36',
  'cache-control' => 'max-age=0',
  'connection' => 'close',
  'host' => '127.0.0.4',
)
[ info ] [ PARAM ] array (
)
[ info ] [ DB ] INIT mysql
[ info ] [ DB ] INIT mysql
[ info ] [ VIEW ] D:\tpflow\application\index\view\index\index.html [ array (
  0 => 'user',
) ]
[ info ] [ SESSION ] INIT array (
  'id' => '',
  'var_session_id' => '',
  'prefix' => 'think',
  'type' => '',
  'auto_start' => true,
  'httponly' => true,
  'secure' => false,
)
[ info ] [ LOG ] INIT File
[ sql ] [ DB ] CONNECT:[ UseTime:0.001000s ] mysql:host=127.0.0.1;port=3306;dbname=tpflow;charset=utf8
[ sql ] [ SQL ] SHOW COLUMNS FROM `leipi_user` [ RunTime:0.011000s ]
[ sql ] [ SQL ] SELECT `id`,`username`,`role` FROM `leipi_user` [ RunTime:0.001000s ]
---------------------------------------------------------------
[ 2018-04-01T22:23:12+08:00 ] 127.0.0.1 GET /
[ info ] 127.0.0.4/ [运行时间：5.507315s][吞吐率：0.18req/s] [内存消耗：1,936.30kb] [文件加载：71]
[ info ] [ LANG ] D:\tpflow\thinkphp\lang\zh-cn.php
[ info ] [ ROUTE ] array (
)
[ info ] [ HEADER ] array (
  'cookie' => 'PHPSESSID=e00nv8g6e11d4c74or9fih9frr',
  'accept-language' => 'zh-CN,zh;q=0.9',
  'accept-encoding' => 'gzip, deflate, br',
  'accept' => 'text/html,application/xhtml+xml,application/xml;q=0.9,image/webp,image/apng,*/*;q=0.8',
  'upgrade-insecure-requests' => '1',
  'user-agent' => 'Mozilla/5.0 (Windows NT 6.1; Win64; x64) AppleWebKit/537.36 (KHTML, like Gecko) Chrome/63.0.3239.84 Safari/537.36',
  'cache-control' => 'max-age=0',
  'connection' => 'close',
  'host' => '127.0.0.4',
)
[ info ] [ PARAM ] array (
)
[ info ] [ DB ] INIT mysql
[ info ] [ DB ] INIT mysql
[ info ] [ VIEW ] D:\tpflow\application\index\view\index\index.html [ array (
  0 => 'user',
) ]
[ info ] [ SESSION ] INIT array (
  'id' => '',
  'var_session_id' => '',
  'prefix' => 'think',
  'type' => '',
  'auto_start' => true,
  'httponly' => true,
  'secure' => false,
)
[ info ] [ LOG ] INIT File
[ sql ] [ DB ] CONNECT:[ UseTime:0.011000s ] mysql:host=127.0.0.1;port=3306;dbname=tpflow;charset=utf8
[ sql ] [ SQL ] SHOW COLUMNS FROM `leipi_user` [ RunTime:0.010001s ]
[ sql ] [ SQL ] SELECT `id`,`username`,`role` FROM `leipi_user` [ RunTime:0.000000s ]
---------------------------------------------------------------
[ 2018-04-01T22:31:35+08:00 ] 127.0.0.1 GET /
[ info ] 127.0.0.4/ [运行时间：0.194011s][吞吐率：5.15req/s] [内存消耗：1,936.29kb] [文件加载：71]
[ info ] [ LANG ] D:\tpflow\thinkphp\lang\zh-cn.php
[ info ] [ ROUTE ] array (
)
[ info ] [ HEADER ] array (
  'cookie' => 'PHPSESSID=e00nv8g6e11d4c74or9fih9frr',
  'accept-language' => 'zh-CN,zh;q=0.9',
  'accept-encoding' => 'gzip, deflate, br',
  'accept' => 'text/html,application/xhtml+xml,application/xml;q=0.9,image/webp,image/apng,*/*;q=0.8',
  'upgrade-insecure-requests' => '1',
  'user-agent' => 'Mozilla/5.0 (Windows NT 6.1; Win64; x64) AppleWebKit/537.36 (KHTML, like Gecko) Chrome/63.0.3239.84 Safari/537.36',
  'cache-control' => 'max-age=0',
  'connection' => 'close',
  'host' => '127.0.0.4',
)
[ info ] [ PARAM ] array (
)
[ info ] [ DB ] INIT mysql
[ info ] [ DB ] INIT mysql
[ info ] [ VIEW ] D:\tpflow\application\index\view\index\index.html [ array (
  0 => 'user',
) ]
[ info ] [ SESSION ] INIT array (
  'id' => '',
  'var_session_id' => '',
  'prefix' => 'think',
  'type' => '',
  'auto_start' => true,
  'httponly' => true,
  'secure' => false,
)
[ info ] [ LOG ] INIT File
[ sql ] [ DB ] CONNECT:[ UseTime:0.001000s ] mysql:host=127.0.0.1;port=3306;dbname=tpflow;charset=utf8
[ sql ] [ SQL ] SHOW COLUMNS FROM `leipi_user` [ RunTime:0.012001s ]
[ sql ] [ SQL ] SELECT `id`,`username`,`role` FROM `leipi_user` [ RunTime:0.001000s ]
---------------------------------------------------------------
[ 2018-04-01T22:32:23+08:00 ] 127.0.0.1 GET /
[ info ] 127.0.0.4/ [运行时间：0.215012s][吞吐率：4.65req/s] [内存消耗：1,938.54kb] [文件加载：72]
[ info ] [ LANG ] D:\tpflow\thinkphp\lang\zh-cn.php
[ info ] [ ROUTE ] array (
)
[ info ] [ HEADER ] array (
  'cookie' => 'PHPSESSID=e00nv8g6e11d4c74or9fih9frr',
  'accept-language' => 'zh-CN,zh;q=0.9',
  'accept-encoding' => 'gzip, deflate, br',
  'accept' => 'text/html,application/xhtml+xml,application/xml;q=0.9,image/webp,image/apng,*/*;q=0.8',
  'upgrade-insecure-requests' => '1',
  'user-agent' => 'Mozilla/5.0 (Windows NT 6.1; Win64; x64) AppleWebKit/537.36 (KHTML, like Gecko) Chrome/63.0.3239.84 Safari/537.36',
  'cache-control' => 'max-age=0',
  'connection' => 'close',
  'host' => '127.0.0.4',
)
[ info ] [ PARAM ] array (
)
[ info ] [ DB ] INIT mysql
[ info ] [ DB ] INIT mysql
[ info ] [ VIEW ] D:\tpflow\application\index\view\index\index.html [ array (
  0 => 'user',
) ]
[ info ] [ SESSION ] INIT array (
  'id' => '',
  'var_session_id' => '',
  'prefix' => 'think',
  'type' => '',
  'auto_start' => true,
  'httponly' => true,
  'secure' => false,
)
[ info ] [ LOG ] INIT File
[ sql ] [ DB ] CONNECT:[ UseTime:0.010000s ] mysql:host=127.0.0.1;port=3306;dbname=tpflow;charset=utf8
[ sql ] [ SQL ] SHOW COLUMNS FROM `leipi_user` [ RunTime:0.011001s ]
[ sql ] [ SQL ] SELECT `id`,`username`,`role` FROM `leipi_user` [ RunTime:0.000000s ]
---------------------------------------------------------------
[ 2018-04-01T22:44:05+08:00 ] 127.0.0.1 GET /
[ info ] 127.0.0.4/ [运行时间：0.048002s][吞吐率：20.83req/s] [内存消耗：1,180.49kb] [文件加载：65]
[ info ] [ LANG ] D:\tpflow\thinkphp\lang\zh-cn.php
[ info ] [ ROUTE ] array (
)
[ info ] [ HEADER ] array (
  'cookie' => 'PHPSESSID=e00nv8g6e11d4c74or9fih9frr',
  'accept-language' => 'zh-CN,zh;q=0.9',
  'accept-encoding' => 'gzip, deflate, br',
  'accept' => 'text/html,application/xhtml+xml,application/xml;q=0.9,image/webp,image/apng,*/*;q=0.8',
  'upgrade-insecure-requests' => '1',
  'user-agent' => 'Mozilla/5.0 (Windows NT 6.1; Win64; x64) AppleWebKit/537.36 (KHTML, like Gecko) Chrome/63.0.3239.84 Safari/537.36',
  'cache-control' => 'max-age=0',
  'connection' => 'close',
  'host' => '127.0.0.4',
)
[ info ] [ PARAM ] array (
)
[ info ] [ LOG ] INIT File
[ error ] [8]未定义变量: mail[D:\tpflow\extend\workflow\workflow.php:155]
---------------------------------------------------------------
[ 2018-04-01T22:44:23+08:00 ] 127.0.0.1 GET /
[ info ] 127.0.0.4/ [运行时间：0.060004s][吞吐率：16.67req/s] [内存消耗：1,174.82kb] [文件加载：64]
[ info ] [ LANG ] D:\tpflow\thinkphp\lang\zh-cn.php
[ info ] [ ROUTE ] array (
)
[ info ] [ HEADER ] array (
  'cookie' => 'PHPSESSID=e00nv8g6e11d4c74or9fih9frr',
  'accept-language' => 'zh-CN,zh;q=0.9',
  'accept-encoding' => 'gzip, deflate, br',
  'accept' => 'text/html,application/xhtml+xml,application/xml;q=0.9,image/webp,image/apng,*/*;q=0.8',
  'upgrade-insecure-requests' => '1',
  'user-agent' => 'Mozilla/5.0 (Windows NT 6.1; Win64; x64) AppleWebKit/537.36 (KHTML, like Gecko) Chrome/63.0.3239.84 Safari/537.36',
  'cache-control' => 'max-age=0',
  'connection' => 'close',
  'host' => '127.0.0.4',
)
[ info ] [ PARAM ] array (
)
[ info ] [ LOG ] INIT File
[ error ] [0]致命错误: Call to undefined function workflow\socket_write()[D:\tpflow\extend\workflow\msg\wechat.php:368]
---------------------------------------------------------------
[ 2018-04-01T22:44:53+08:00 ] 127.0.0.1 GET /
[ info ] 127.0.0.4/ [运行时间：0.065004s][吞吐率：15.38req/s] [内存消耗：1,174.82kb] [文件加载：64]
[ info ] [ LANG ] D:\tpflow\thinkphp\lang\zh-cn.php
[ info ] [ ROUTE ] array (
)
[ info ] [ HEADER ] array (
  'cookie' => 'PHPSESSID=e00nv8g6e11d4c74or9fih9frr',
  'accept-language' => 'zh-CN,zh;q=0.9',
  'accept-encoding' => 'gzip, deflate, br',
  'accept' => 'text/html,application/xhtml+xml,application/xml;q=0.9,image/webp,image/apng,*/*;q=0.8',
  'upgrade-insecure-requests' => '1',
  'user-agent' => 'Mozilla/5.0 (Windows NT 6.1; Win64; x64) AppleWebKit/537.36 (KHTML, like Gecko) Chrome/63.0.3239.84 Safari/537.36',
  'cache-control' => 'max-age=0',
  'connection' => 'close',
  'host' => '127.0.0.4',
)
[ info ] [ PARAM ] array (
)
[ info ] [ LOG ] INIT File
[ error ] [0]致命错误: Call to undefined function workflow\socket_write()[D:\tpflow\extend\workflow\msg\wechat.php:368]
---------------------------------------------------------------
[ 2018-04-01T22:50:04+08:00 ] 127.0.0.1 GET /
[ info ] 127.0.0.4/ [运行时间：1.288074s][吞吐率：0.78req/s] [内存消耗：1,961.79kb] [文件加载：71]
[ info ] [ LANG ] D:\tpflow\thinkphp\lang\zh-cn.php
[ info ] [ ROUTE ] array (
)
[ info ] [ HEADER ] array (
  'cookie' => 'PHPSESSID=e00nv8g6e11d4c74or9fih9frr',
  'accept-language' => 'zh-CN,zh;q=0.9',
  'accept-encoding' => 'gzip, deflate, br',
  'accept' => 'text/html,application/xhtml+xml,application/xml;q=0.9,image/webp,image/apng,*/*;q=0.8',
  'upgrade-insecure-requests' => '1',
  'user-agent' => 'Mozilla/5.0 (Windows NT 6.1; Win64; x64) AppleWebKit/537.36 (KHTML, like Gecko) Chrome/63.0.3239.84 Safari/537.36',
  'cache-control' => 'max-age=0',
  'connection' => 'close',
  'host' => '127.0.0.4',
)
[ info ] [ PARAM ] array (
)
[ info ] [ DB ] INIT mysql
[ info ] [ DB ] INIT mysql
[ info ] [ VIEW ] D:\tpflow\application\index\view\index\index.html [ array (
  0 => 'user',
) ]
[ info ] [ SESSION ] INIT array (
  'id' => '',
  'var_session_id' => '',
  'prefix' => 'think',
  'type' => '',
  'auto_start' => true,
  'httponly' => true,
  'secure' => false,
)
[ info ] [ LOG ] INIT File
[ sql ] [ DB ] CONNECT:[ UseTime:0.002000s ] mysql:host=127.0.0.1;port=3306;dbname=tpflow;charset=utf8
[ sql ] [ SQL ] SHOW COLUMNS FROM `leipi_user` [ RunTime:0.014001s ]
[ sql ] [ SQL ] SELECT `id`,`username`,`role` FROM `leipi_user` [ RunTime:0.000000s ]
---------------------------------------------------------------
[ 2018-04-01T22:50:23+08:00 ] 127.0.0.1 GET /
[ info ] 127.0.0.4/ [运行时间：1.105063s][吞吐率：0.90req/s] [内存消耗：1,961.79kb] [文件加载：71]
[ info ] [ LANG ] D:\tpflow\thinkphp\lang\zh-cn.php
[ info ] [ ROUTE ] array (
)
[ info ] [ HEADER ] array (
  'cookie' => 'PHPSESSID=e00nv8g6e11d4c74or9fih9frr',
  'accept-language' => 'zh-CN,zh;q=0.9',
  'accept-encoding' => 'gzip, deflate, br',
  'accept' => 'text/html,application/xhtml+xml,application/xml;q=0.9,image/webp,image/apng,*/*;q=0.8',
  'upgrade-insecure-requests' => '1',
  'user-agent' => 'Mozilla/5.0 (Windows NT 6.1; Win64; x64) AppleWebKit/537.36 (KHTML, like Gecko) Chrome/63.0.3239.84 Safari/537.36',
  'cache-control' => 'max-age=0',
  'connection' => 'close',
  'host' => '127.0.0.4',
)
[ info ] [ PARAM ] array (
)
[ info ] [ DB ] INIT mysql
[ info ] [ DB ] INIT mysql
[ info ] [ VIEW ] D:\tpflow\application\index\view\index\index.html [ array (
  0 => 'user',
) ]
[ info ] [ SESSION ] INIT array (
  'id' => '',
  'var_session_id' => '',
  'prefix' => 'think',
  'type' => '',
  'auto_start' => true,
  'httponly' => true,
  'secure' => false,
)
[ info ] [ LOG ] INIT File
[ sql ] [ DB ] CONNECT:[ UseTime:0.001000s ] mysql:host=127.0.0.1;port=3306;dbname=tpflow;charset=utf8
[ sql ] [ SQL ] SHOW COLUMNS FROM `leipi_user` [ RunTime:0.015001s ]
[ sql ] [ SQL ] SELECT `id`,`username`,`role` FROM `leipi_user` [ RunTime:0.000000s ]
---------------------------------------------------------------
[ 2018-04-01T22:56:56+08:00 ] 127.0.0.1 GET /
[ info ] 127.0.0.4/ [运行时间：0.054003s][吞吐率：18.52req/s] [内存消耗：1,176.85kb] [文件加载：64]
[ info ] [ LANG ] D:\tpflow\thinkphp\lang\zh-cn.php
[ info ] [ ROUTE ] array (
)
[ info ] [ HEADER ] array (
  'cookie' => 'PHPSESSID=e00nv8g6e11d4c74or9fih9frr',
  'accept-language' => 'zh-CN,zh;q=0.9',
  'accept-encoding' => 'gzip, deflate, br',
  'accept' => 'text/html,application/xhtml+xml,application/xml;q=0.9,image/webp,image/apng,*/*;q=0.8',
  'upgrade-insecure-requests' => '1',
  'user-agent' => 'Mozilla/5.0 (Windows NT 6.1; Win64; x64) AppleWebKit/537.36 (KHTML, like Gecko) Chrome/63.0.3239.84 Safari/537.36',
  'cache-control' => 'max-age=0',
  'connection' => 'close',
  'host' => '127.0.0.4',
)
[ info ] [ PARAM ] array (
)
[ info ] [ LOG ] INIT File
[ error ] [0]致命错误: Class 'workflow\PHPMailer' not found[D:\tpflow\extend\workflow\workflow.php:154]
---------------------------------------------------------------
[ 2018-04-01T22:57:22+08:00 ] 127.0.0.1 GET /
[ info ] 127.0.0.4/ [运行时间：0.070004s][吞吐率：14.28req/s] [内存消耗：1,574.36kb] [文件加载：65]
[ info ] [ LANG ] D:\tpflow\thinkphp\lang\zh-cn.php
[ info ] [ ROUTE ] array (
)
[ info ] [ HEADER ] array (
  'cookie' => 'PHPSESSID=e00nv8g6e11d4c74or9fih9frr',
  'accept-language' => 'zh-CN,zh;q=0.9',
  'accept-encoding' => 'gzip, deflate, br',
  'accept' => 'text/html,application/xhtml+xml,application/xml;q=0.9,image/webp,image/apng,*/*;q=0.8',
  'upgrade-insecure-requests' => '1',
  'user-agent' => 'Mozilla/5.0 (Windows NT 6.1; Win64; x64) AppleWebKit/537.36 (KHTML, like Gecko) Chrome/63.0.3239.84 Safari/537.36',
  'cache-control' => 'max-age=0',
  'connection' => 'close',
  'host' => '127.0.0.4',
)
[ info ] [ PARAM ] array (
)
[ info ] [ LOG ] INIT File
[ error ] [8]未定义变量: subject[D:\tpflow\extend\workflow\workflow.php:168]
---------------------------------------------------------------
[ 2018-04-01T22:58:00+08:00 ] 127.0.0.1 GET /
[ info ] 127.0.0.4/ [运行时间：0.071004s][吞吐率：14.08req/s] [内存消耗：1,574.44kb] [文件加载：65]
[ info ] [ LANG ] D:\tpflow\thinkphp\lang\zh-cn.php
[ info ] [ ROUTE ] array (
)
[ info ] [ HEADER ] array (
  'cookie' => 'PHPSESSID=e00nv8g6e11d4c74or9fih9frr',
  'accept-language' => 'zh-CN,zh;q=0.9',
  'accept-encoding' => 'gzip, deflate, br',
  'accept' => 'text/html,application/xhtml+xml,application/xml;q=0.9,image/webp,image/apng,*/*;q=0.8',
  'upgrade-insecure-requests' => '1',
  'user-agent' => 'Mozilla/5.0 (Windows NT 6.1; Win64; x64) AppleWebKit/537.36 (KHTML, like Gecko) Chrome/63.0.3239.84 Safari/537.36',
  'cache-control' => 'max-age=0',
  'connection' => 'close',
  'host' => '127.0.0.4',
)
[ info ] [ PARAM ] array (
)
[ info ] [ LOG ] INIT File
[ error ] [8]未定义变量: attachment[D:\tpflow\extend\workflow\workflow.php:171]
---------------------------------------------------------------
[ 2018-04-01T22:58:23+08:00 ] 127.0.0.1 GET /
[ info ] 127.0.0.4/ [运行时间：0.083005s][吞吐率：12.05req/s] [内存消耗：1,568.71kb] [文件加载：64]
[ info ] [ LANG ] D:\tpflow\thinkphp\lang\zh-cn.php
[ info ] [ ROUTE ] array (
)
[ info ] [ HEADER ] array (
  'cookie' => 'PHPSESSID=e00nv8g6e11d4c74or9fih9frr',
  'accept-language' => 'zh-CN,zh;q=0.9',
  'accept-encoding' => 'gzip, deflate, br',
  'accept' => 'text/html,application/xhtml+xml,application/xml;q=0.9,image/webp,image/apng,*/*;q=0.8',
  'upgrade-insecure-requests' => '1',
  'user-agent' => 'Mozilla/5.0 (Windows NT 6.1; Win64; x64) AppleWebKit/537.36 (KHTML, like Gecko) Chrome/63.0.3239.84 Safari/537.36',
  'cache-control' => 'max-age=0',
  'connection' => 'close',
  'host' => '127.0.0.4',
)
[ info ] [ PARAM ] array (
)
[ info ] [ LOG ] INIT File
[ error ] [0]致命错误: Class 'workflow\SMTP' not found[D:\tpflow\extend\workflow\msg\PHPMailer.php:1687]
---------------------------------------------------------------
[ 2018-04-01T22:58:52+08:00 ] 127.0.0.1 GET /
[ info ] 127.0.0.4/ [运行时间：0.067004s][吞吐率：14.92req/s] [内存消耗：1,668.59kb] [文件加载：65]
[ info ] [ LANG ] D:\tpflow\thinkphp\lang\zh-cn.php
[ info ] [ ROUTE ] array (
)
[ info ] [ HEADER ] array (
  'cookie' => 'PHPSESSID=e00nv8g6e11d4c74or9fih9frr',
  'accept-language' => 'zh-CN,zh;q=0.9',
  'accept-encoding' => 'gzip, deflate, br',
  'accept' => 'text/html,application/xhtml+xml,application/xml;q=0.9,image/webp,image/apng,*/*;q=0.8',
  'upgrade-insecure-requests' => '1',
  'user-agent' => 'Mozilla/5.0 (Windows NT 6.1; Win64; x64) AppleWebKit/537.36 (KHTML, like Gecko) Chrome/63.0.3239.84 Safari/537.36',
  'cache-control' => 'max-age=0',
  'connection' => 'close',
  'host' => '127.0.0.4',
)
[ info ] [ PARAM ] array (
)
[ info ] [ LOG ] INIT File
[ error ] [0]致命错误: Class 'workflow\Exception' not found[D:\tpflow\extend\workflow\msg\PHPMailer.php:1871]
---------------------------------------------------------------
[ 2018-04-01T22:59:49+08:00 ] 127.0.0.1 GET /
[ info ] 127.0.0.4/ [运行时间：0.107006s][吞吐率：9.35req/s] [内存消耗：2,389.04kb] [文件加载：73]
[ info ] [ LANG ] D:\tpflow\thinkphp\lang\zh-cn.php
[ info ] [ ROUTE ] array (
)
[ info ] [ HEADER ] array (
  'cookie' => 'PHPSESSID=e00nv8g6e11d4c74or9fih9frr',
  'accept-language' => 'zh-CN,zh;q=0.9',
  'accept-encoding' => 'gzip, deflate, br',
  'accept' => 'text/html,application/xhtml+xml,application/xml;q=0.9,image/webp,image/apng,*/*;q=0.8',
  'upgrade-insecure-requests' => '1',
  'user-agent' => 'Mozilla/5.0 (Windows NT 6.1; Win64; x64) AppleWebKit/537.36 (KHTML, like Gecko) Chrome/63.0.3239.84 Safari/537.36',
  'cache-control' => 'max-age=0',
  'connection' => 'close',
  'host' => '127.0.0.4',
)
[ info ] [ PARAM ] array (
)
[ info ] [ DB ] INIT mysql
[ info ] [ DB ] INIT mysql
[ info ] [ VIEW ] D:\tpflow\application\index\view\index\index.html [ array (
  0 => 'user',
) ]
[ info ] [ SESSION ] INIT array (
  'id' => '',
  'var_session_id' => '',
  'prefix' => 'think',
  'type' => '',
  'auto_start' => true,
  'httponly' => true,
  'secure' => false,
)
[ info ] [ LOG ] INIT File
[ sql ] [ DB ] CONNECT:[ UseTime:0.005000s ] mysql:host=127.0.0.1;port=3306;dbname=tpflow;charset=utf8
[ sql ] [ SQL ] SHOW COLUMNS FROM `leipi_user` [ RunTime:0.014000s ]
[ sql ] [ SQL ] SELECT `id`,`username`,`role` FROM `leipi_user` [ RunTime:0.000000s ]
---------------------------------------------------------------
[ 2018-04-01T23:01:13+08:00 ] 127.0.0.1 GET /
[ info ] 127.0.0.4/ [运行时间：0.091005s][吞吐率：10.99req/s] [内存消耗：2,389.04kb] [文件加载：73]
[ info ] [ LANG ] D:\tpflow\thinkphp\lang\zh-cn.php
[ info ] [ ROUTE ] array (
)
[ info ] [ HEADER ] array (
  'cookie' => 'PHPSESSID=e00nv8g6e11d4c74or9fih9frr',
  'accept-language' => 'zh-CN,zh;q=0.9',
  'accept-encoding' => 'gzip, deflate, br',
  'accept' => 'text/html,application/xhtml+xml,application/xml;q=0.9,image/webp,image/apng,*/*;q=0.8',
  'upgrade-insecure-requests' => '1',
  'user-agent' => 'Mozilla/5.0 (Windows NT 6.1; Win64; x64) AppleWebKit/537.36 (KHTML, like Gecko) Chrome/63.0.3239.84 Safari/537.36',
  'cache-control' => 'max-age=0',
  'connection' => 'close',
  'host' => '127.0.0.4',
)
[ info ] [ PARAM ] array (
)
[ info ] [ DB ] INIT mysql
[ info ] [ DB ] INIT mysql
[ info ] [ VIEW ] D:\tpflow\application\index\view\index\index.html [ array (
  0 => 'user',
) ]
[ info ] [ SESSION ] INIT array (
  'id' => '',
  'var_session_id' => '',
  'prefix' => 'think',
  'type' => '',
  'auto_start' => true,
  'httponly' => true,
  'secure' => false,
)
[ info ] [ LOG ] INIT File
[ sql ] [ DB ] CONNECT:[ UseTime:0.002000s ] mysql:host=127.0.0.1;port=3306;dbname=tpflow;charset=utf8
[ sql ] [ SQL ] SHOW COLUMNS FROM `leipi_user` [ RunTime:0.014001s ]
[ sql ] [ SQL ] SELECT `id`,`username`,`role` FROM `leipi_user` [ RunTime:0.001000s ]
---------------------------------------------------------------
[ 2018-04-01T23:02:22+08:00 ] 127.0.0.1 GET /
[ info ] 127.0.0.4/ [运行时间：0.064003s][吞吐率：15.62req/s] [内存消耗：1,174.56kb] [文件加载：64]
[ info ] [ LANG ] D:\tpflow\thinkphp\lang\zh-cn.php
[ info ] [ ROUTE ] array (
)
[ info ] [ HEADER ] array (
  'cookie' => 'PHPSESSID=e00nv8g6e11d4c74or9fih9frr',
  'accept-language' => 'zh-CN,zh;q=0.9',
  'accept-encoding' => 'gzip, deflate, br',
  'accept' => 'text/html,application/xhtml+xml,application/xml;q=0.9,image/webp,image/apng,*/*;q=0.8',
  'upgrade-insecure-requests' => '1',
  'user-agent' => 'Mozilla/5.0 (Windows NT 6.1; Win64; x64) AppleWebKit/537.36 (KHTML, like Gecko) Chrome/63.0.3239.84 Safari/537.36',
  'cache-control' => 'max-age=0',
  'connection' => 'close',
  'host' => '127.0.0.4',
)
[ info ] [ PARAM ] array (
)
[ info ] [ LOG ] INIT File
[ error ] [0]致命错误: Class 'workflow\PHPMailer' not found[D:\tpflow\extend\workflow\workflow.php:154]
---------------------------------------------------------------
[ 2018-04-01T23:02:30+08:00 ] 127.0.0.1 GET /
[ info ] 127.0.0.4/ [运行时间：1.159066s][吞吐率：0.86req/s] [内存消耗：1,961.79kb] [文件加载：71]
[ info ] [ LANG ] D:\tpflow\thinkphp\lang\zh-cn.php
[ info ] [ ROUTE ] array (
)
[ info ] [ HEADER ] array (
  'cookie' => 'PHPSESSID=e00nv8g6e11d4c74or9fih9frr',
  'accept-language' => 'zh-CN,zh;q=0.9',
  'accept-encoding' => 'gzip, deflate, br',
  'accept' => 'text/html,application/xhtml+xml,application/xml;q=0.9,image/webp,image/apng,*/*;q=0.8',
  'upgrade-insecure-requests' => '1',
  'user-agent' => 'Mozilla/5.0 (Windows NT 6.1; Win64; x64) AppleWebKit/537.36 (KHTML, like Gecko) Chrome/63.0.3239.84 Safari/537.36',
  'cache-control' => 'max-age=0',
  'connection' => 'close',
  'host' => '127.0.0.4',
)
[ info ] [ PARAM ] array (
)
[ info ] [ DB ] INIT mysql
[ info ] [ DB ] INIT mysql
[ info ] [ VIEW ] D:\tpflow\application\index\view\index\index.html [ array (
  0 => 'user',
) ]
[ info ] [ SESSION ] INIT array (
  'id' => '',
  'var_session_id' => '',
  'prefix' => 'think',
  'type' => '',
  'auto_start' => true,
  'httponly' => true,
  'secure' => false,
)
[ info ] [ LOG ] INIT File
[ sql ] [ DB ] CONNECT:[ UseTime:0.002000s ] mysql:host=127.0.0.1;port=3306;dbname=tpflow;charset=utf8
[ sql ] [ SQL ] SHOW COLUMNS FROM `leipi_user` [ RunTime:0.015001s ]
[ sql ] [ SQL ] SELECT `id`,`username`,`role` FROM `leipi_user` [ RunTime:0.000000s ]
---------------------------------------------------------------
[ 2018-04-01T23:06:22+08:00 ] 127.0.0.1 GET /
[ info ] 127.0.0.4/ [运行时间：2.144123s][吞吐率：0.47req/s] [内存消耗：1,961.13kb] [文件加载：71]
[ info ] [ LANG ] D:\tpflow\thinkphp\lang\zh-cn.php
[ info ] [ ROUTE ] array (
)
[ info ] [ HEADER ] array (
  'cookie' => 'PHPSESSID=e00nv8g6e11d4c74or9fih9frr',
  'accept-language' => 'zh-CN,zh;q=0.9',
  'accept-encoding' => 'gzip, deflate, br',
  'accept' => 'text/html,application/xhtml+xml,application/xml;q=0.9,image/webp,image/apng,*/*;q=0.8',
  'upgrade-insecure-requests' => '1',
  'user-agent' => 'Mozilla/5.0 (Windows NT 6.1; Win64; x64) AppleWebKit/537.36 (KHTML, like Gecko) Chrome/63.0.3239.84 Safari/537.36',
  'cache-control' => 'max-age=0',
  'connection' => 'close',
  'host' => '127.0.0.4',
)
[ info ] [ PARAM ] array (
)
[ info ] [ DB ] INIT mysql
[ info ] [ DB ] INIT mysql
[ info ] [ VIEW ] D:\tpflow\application\index\view\index\index.html [ array (
  0 => 'user',
) ]
[ info ] [ SESSION ] INIT array (
  'id' => '',
  'var_session_id' => '',
  'prefix' => 'think',
  'type' => '',
  'auto_start' => true,
  'httponly' => true,
  'secure' => false,
)
[ info ] [ LOG ] INIT File
[ sql ] [ DB ] CONNECT:[ UseTime:0.002000s ] mysql:host=127.0.0.1;port=3306;dbname=tpflow;charset=utf8
[ sql ] [ SQL ] SHOW COLUMNS FROM `leipi_user` [ RunTime:0.011000s ]
[ sql ] [ SQL ] SELECT `id`,`username`,`role` FROM `leipi_user` [ RunTime:0.001000s ]
---------------------------------------------------------------
[ 2018-04-01T23:07:31+08:00 ] 127.0.0.1 GET /
[ info ] 127.0.0.4/ [运行时间：1.133065s][吞吐率：0.88req/s] [内存消耗：1,960.98kb] [文件加载：71]
[ info ] [ LANG ] D:\tpflow\thinkphp\lang\zh-cn.php
[ info ] [ ROUTE ] array (
)
[ info ] [ HEADER ] array (
  'cookie' => 'PHPSESSID=e00nv8g6e11d4c74or9fih9frr',
  'accept-language' => 'zh-CN,zh;q=0.9',
  'accept-encoding' => 'gzip, deflate, br',
  'accept' => 'text/html,application/xhtml+xml,application/xml;q=0.9,image/webp,image/apng,*/*;q=0.8',
  'upgrade-insecure-requests' => '1',
  'user-agent' => 'Mozilla/5.0 (Windows NT 6.1; Win64; x64) AppleWebKit/537.36 (KHTML, like Gecko) Chrome/63.0.3239.84 Safari/537.36',
  'cache-control' => 'max-age=0',
  'connection' => 'close',
  'host' => '127.0.0.4',
)
[ info ] [ PARAM ] array (
)
[ info ] [ DB ] INIT mysql
[ info ] [ DB ] INIT mysql
[ info ] [ VIEW ] D:\tpflow\application\index\view\index\index.html [ array (
  0 => 'user',
) ]
[ info ] [ SESSION ] INIT array (
  'id' => '',
  'var_session_id' => '',
  'prefix' => 'think',
  'type' => '',
  'auto_start' => true,
  'httponly' => true,
  'secure' => false,
)
[ info ] [ LOG ] INIT File
[ sql ] [ DB ] CONNECT:[ UseTime:0.011001s ] mysql:host=127.0.0.1;port=3306;dbname=tpflow;charset=utf8
[ sql ] [ SQL ] SHOW COLUMNS FROM `leipi_user` [ RunTime:0.012000s ]
[ sql ] [ SQL ] SELECT `id`,`username`,`role` FROM `leipi_user` [ RunTime:0.000000s ]
---------------------------------------------------------------
[ 2018-04-01T23:13:16+08:00 ] 127.0.0.1 GET /
[ info ] 127.0.0.4/ [运行时间：0.074004s][吞吐率：13.51req/s] [内存消耗：1,172.47kb] [文件加载：64]
[ info ] [ LANG ] D:\tpflow\thinkphp\lang\zh-cn.php
[ info ] [ ROUTE ] array (
)
[ info ] [ HEADER ] array (
  'cookie' => 'PHPSESSID=e00nv8g6e11d4c74or9fih9frr',
  'accept-language' => 'zh-CN,zh;q=0.9',
  'accept-encoding' => 'gzip, deflate, br',
  'accept' => 'text/html,application/xhtml+xml,application/xml;q=0.9,image/webp,image/apng,*/*;q=0.8',
  'upgrade-insecure-requests' => '1',
  'user-agent' => 'Mozilla/5.0 (Windows NT 6.1; Win64; x64) AppleWebKit/537.36 (KHTML, like Gecko) Chrome/63.0.3239.84 Safari/537.36',
  'cache-control' => 'max-age=0',
  'connection' => 'close',
  'host' => '127.0.0.4',
)
[ info ] [ PARAM ] array (
)
[ info ] [ LOG ] INIT File
[ error ] [0]致命错误: Call to undefined method workflow\workflow::send_wx()[D:\tpflow\application\Index\Controller\Index.php:12]
---------------------------------------------------------------
[ 2018-04-01T23:13:46+08:00 ] 127.0.0.1 GET /
[ info ] 127.0.0.4/ [运行时间：1.289074s][吞吐率：0.78req/s] [内存消耗：1,959.72kb] [文件加载：71]
[ info ] [ LANG ] D:\tpflow\thinkphp\lang\zh-cn.php
[ info ] [ ROUTE ] array (
)
[ info ] [ HEADER ] array (
  'cookie' => 'PHPSESSID=e00nv8g6e11d4c74or9fih9frr',
  'accept-language' => 'zh-CN,zh;q=0.9',
  'accept-encoding' => 'gzip, deflate, br',
  'accept' => 'text/html,application/xhtml+xml,application/xml;q=0.9,image/webp,image/apng,*/*;q=0.8',
  'upgrade-insecure-requests' => '1',
  'user-agent' => 'Mozilla/5.0 (Windows NT 6.1; Win64; x64) AppleWebKit/537.36 (KHTML, like Gecko) Chrome/63.0.3239.84 Safari/537.36',
  'cache-control' => 'max-age=0',
  'connection' => 'close',
  'host' => '127.0.0.4',
)
[ info ] [ PARAM ] array (
)
[ info ] [ DB ] INIT mysql
[ info ] [ DB ] INIT mysql
[ info ] [ VIEW ] D:\tpflow\application\index\view\index\index.html [ array (
  0 => 'user',
) ]
[ info ] [ SESSION ] INIT array (
  'id' => '',
  'var_session_id' => '',
  'prefix' => 'think',
  'type' => '',
  'auto_start' => true,
  'httponly' => true,
  'secure' => false,
)
[ info ] [ LOG ] INIT File
[ sql ] [ DB ] CONNECT:[ UseTime:0.002000s ] mysql:host=127.0.0.1;port=3306;dbname=tpflow;charset=utf8
[ sql ] [ SQL ] SHOW COLUMNS FROM `leipi_user` [ RunTime:0.012001s ]
[ sql ] [ SQL ] SELECT `id`,`username`,`role` FROM `leipi_user` [ RunTime:0.000000s ]
---------------------------------------------------------------
[ 2018-04-01T23:14:13+08:00 ] 127.0.0.1 GET /
[ info ] 127.0.0.4/ [运行时间：1.560089s][吞吐率：0.64req/s] [内存消耗：1,959.72kb] [文件加载：71]
[ info ] [ LANG ] D:\tpflow\thinkphp\lang\zh-cn.php
[ info ] [ ROUTE ] array (
)
[ info ] [ HEADER ] array (
  'cookie' => 'PHPSESSID=e00nv8g6e11d4c74or9fih9frr',
  'accept-language' => 'zh-CN,zh;q=0.9',
  'accept-encoding' => 'gzip, deflate, br',
  'accept' => 'text/html,application/xhtml+xml,application/xml;q=0.9,image/webp,image/apng,*/*;q=0.8',
  'upgrade-insecure-requests' => '1',
  'user-agent' => 'Mozilla/5.0 (Windows NT 6.1; Win64; x64) AppleWebKit/537.36 (KHTML, like Gecko) Chrome/63.0.3239.84 Safari/537.36',
  'cache-control' => 'max-age=0',
  'connection' => 'close',
  'host' => '127.0.0.4',
)
[ info ] [ PARAM ] array (
)
[ info ] [ DB ] INIT mysql
[ info ] [ DB ] INIT mysql
[ info ] [ VIEW ] D:\tpflow\application\index\view\index\index.html [ array (
  0 => 'user',
) ]
[ info ] [ SESSION ] INIT array (
  'id' => '',
  'var_session_id' => '',
  'prefix' => 'think',
  'type' => '',
  'auto_start' => true,
  'httponly' => true,
  'secure' => false,
)
[ info ] [ LOG ] INIT File
[ sql ] [ DB ] CONNECT:[ UseTime:0.011001s ] mysql:host=127.0.0.1;port=3306;dbname=tpflow;charset=utf8
[ sql ] [ SQL ] SHOW COLUMNS FROM `leipi_user` [ RunTime:0.013000s ]
[ sql ] [ SQL ] SELECT `id`,`username`,`role` FROM `leipi_user` [ RunTime:0.001000s ]
