---------------------------------------------------------------
[ 2018-04-04T16:16:05+08:00 ] 127.0.0.1 GET /
[ info ] 127.0.0.4/ [运行时间：0.086005s][吞吐率：11.63req/s] [内存消耗：2,141.80kb] [文件加载：64]
[ info ] [ LANG ] C:\Users\Administrator\web\tpflow\thinkphp\lang\zh-cn.php
[ info ] [ ROUTE ] array (
)
[ info ] [ HEADER ] array (
  'accept-language' => 'zh-CN,zh;q=0.8',
  'accept-encoding' => 'gzip,deflate,sdch',
  'user-agent' => 'Mozilla/5.0 (Windows NT 6.1; WOW64) AppleWebKit/537.36 (KHTML, like Gecko) Chrome/36.0.1985.143 Safari/537.36',
  'accept' => 'text/html,application/xhtml+xml,application/xml;q=0.9,image/webp,*/*;q=0.8',
  'connection' => 'close',
  'host' => '127.0.0.4',
)
[ info ] [ PARAM ] array (
)
[ info ] [ DB ] INIT mysql
[ info ] [ DB ] INIT mysql
[ info ] [ DB ] INIT mysql
[ info ] [ VIEW ] C:\Users\Administrator\web\tpflow\application\index\view\index\index.html [ array (
  0 => 'user',
  1 => 'menu',
) ]
[ info ] [ SESSION ] INIT array (
  'id' => '',
  'var_session_id' => '',
  'prefix' => 'think',
  'type' => '',
  'auto_start' => true,
  'httponly' => true,
  'secure' => false,
)
[ info ] [ LOG ] INIT File
[ sql ] [ DB ] CONNECT:[ UseTime:0.010000s ] mysql:host=127.0.0.1;port=3306;dbname=tpflow;charset=utf8
[ sql ] [ SQL ] SHOW COLUMNS FROM `leipi_user` [ RunTime:0.010001s ]
[ sql ] [ SQL ] SELECT `id`,`username`,`role` FROM `leipi_user` [ RunTime:0.000000s ]
[ sql ] [ DB ] CONNECT:[ UseTime:0.010000s ] mysql:host=127.0.0.1;port=3306;dbname=tpflow;charset=utf8
[ sql ] [ SQL ] SHOW COLUMNS FROM `leipi_menu` [ RunTime:0.007001s ]
[ sql ] [ SQL ] SELECT * FROM `leipi_menu` [ RunTime:0.001000s ]
---------------------------------------------------------------
[ 2018-04-04T16:16:05+08:00 ] 127.0.0.1 GET /index/index/welcome.html
[ info ] 127.0.0.4/index/index/welcome.html [运行时间：0.060003s][吞吐率：16.67req/s] [内存消耗：2,078.64kb] [文件加载：64]
[ info ] [ LANG ] C:\Users\Administrator\web\tpflow\thinkphp\lang\zh-cn.php
[ info ] [ ROUTE ] array (
)
[ info ] [ HEADER ] array (
  'cookie' => 'PHPSESSID=icec5ie8vlneatg6lpq8ab3pk3',
  'accept-language' => 'zh-CN,zh;q=0.8',
  'accept-encoding' => 'gzip,deflate,sdch',
  'referer' => 'http://127.0.0.4/',
  'user-agent' => 'Mozilla/5.0 (Windows NT 6.1; WOW64) AppleWebKit/537.36 (KHTML, like Gecko) Chrome/36.0.1985.143 Safari/537.36',
  'accept' => 'text/html,application/xhtml+xml,application/xml;q=0.9,image/webp,*/*;q=0.8',
  'connection' => 'close',
  'host' => '127.0.0.4',
)
[ info ] [ PARAM ] array (
)
[ info ] [ DB ] INIT mysql
[ info ] [ DB ] INIT mysql
[ info ] [ VIEW ] C:\Users\Administrator\web\tpflow\application\index\view\index\welcome.html [ array (
  0 => 'user',
) ]
[ info ] [ SESSION ] INIT array (
  'id' => '',
  'var_session_id' => '',
  'prefix' => 'think',
  'type' => '',
  'auto_start' => true,
  'httponly' => true,
  'secure' => false,
)
[ info ] [ LOG ] INIT File
[ sql ] [ DB ] CONNECT:[ UseTime:0.010001s ] mysql:host=127.0.0.1;port=3306;dbname=tpflow;charset=utf8
[ sql ] [ SQL ] SHOW COLUMNS FROM `leipi_user` [ RunTime:0.009001s ]
[ sql ] [ SQL ] SELECT `id`,`username`,`role` FROM `leipi_user` [ RunTime:0.001000s ]
---------------------------------------------------------------
[ 2018-04-04T16:16:07+08:00 ] 127.0.0.1 GET /index/index/login/id/8/user/%E5%B7%A5%E7%A8%8B%E9%83%A8%E5%91%98%E5%B7%A51/role/15.html
[ info ] 127.0.0.4/index/index/login/id/8/user/%E5%B7%A5%E7%A8%8B%E9%83%A8%E5%91%98%E5%B7%A51/role/15.html [运行时间：0.035002s][吞吐率：28.57req/s] [内存消耗：1,267.16kb] [文件加载：58]
[ info ] [ LANG ] C:\Users\Administrator\web\tpflow\thinkphp\lang\zh-cn.php
[ info ] [ ROUTE ] array (
)
[ info ] [ HEADER ] array (
  'cookie' => 'PHPSESSID=icec5ie8vlneatg6lpq8ab3pk3',
  'accept-language' => 'zh-CN,zh;q=0.8',
  'accept-encoding' => 'gzip,deflate,sdch',
  'referer' => 'http://127.0.0.4/index/index/welcome.html',
  'user-agent' => 'Mozilla/5.0 (Windows NT 6.1; WOW64) AppleWebKit/537.36 (KHTML, like Gecko) Chrome/36.0.1985.143 Safari/537.36',
  'accept' => 'text/html,application/xhtml+xml,application/xml;q=0.9,image/webp,*/*;q=0.8',
  'connection' => 'close',
  'host' => '127.0.0.4',
)
[ info ] [ PARAM ] array (
)
[ info ] [ SESSION ] INIT array (
  'id' => '',
  'var_session_id' => '',
  'prefix' => 'think',
  'type' => '',
  'auto_start' => true,
  'httponly' => true,
  'secure' => false,
)
[ info ] [ VIEW ] C:\Users\Administrator\web\tpflow\thinkphp\tpl/dispatch_jump.tpl [ array (
  0 => 'code',
  1 => 'msg',
  2 => 'data',
  3 => 'url',
  4 => 'wait',
) ]
[ info ] [ LOG ] INIT File
---------------------------------------------------------------
[ 2018-04-04T16:16:08+08:00 ] 127.0.0.1 GET /index/formdesign/index.html
[ info ] 127.0.0.4/index/formdesign/index.html [运行时间：0.065004s][吞吐率：15.38req/s] [内存消耗：2,172.52kb] [文件加载：70]
[ info ] [ LANG ] C:\Users\Administrator\web\tpflow\thinkphp\lang\zh-cn.php
[ info ] [ ROUTE ] array (
)
[ info ] [ HEADER ] array (
  'cookie' => 'PHPSESSID=icec5ie8vlneatg6lpq8ab3pk3',
  'accept-language' => 'zh-CN,zh;q=0.8',
  'accept-encoding' => 'gzip,deflate,sdch',
  'referer' => 'http://127.0.0.4/',
  'user-agent' => 'Mozilla/5.0 (Windows NT 6.1; WOW64) AppleWebKit/537.36 (KHTML, like Gecko) Chrome/36.0.1985.143 Safari/537.36',
  'accept' => 'text/html,application/xhtml+xml,application/xml;q=0.9,image/webp,*/*;q=0.8',
  'connection' => 'close',
  'host' => '127.0.0.4',
)
[ info ] [ PARAM ] array (
)
[ info ] [ SESSION ] INIT array (
  'id' => '',
  'var_session_id' => '',
  'prefix' => 'think',
  'type' => '',
  'auto_start' => true,
  'httponly' => true,
  'secure' => false,
)
[ info ] [ DB ] INIT mysql
[ info ] [ VIEW ] C:\Users\Administrator\web\tpflow\application\index\view\formdesign\index.html [ array (
  0 => 'list',
) ]
[ info ] [ LOG ] INIT File
[ sql ] [ DB ] CONNECT:[ UseTime:0.011001s ] mysql:host=127.0.0.1;port=3306;dbname=tpflow;charset=utf8
[ sql ] [ SQL ] SHOW COLUMNS FROM `leipi_form` [ RunTime:0.008000s ]
[ sql ] [ SQL ] SELECT COUNT(*) AS tp_count FROM `leipi_form` LIMIT 1 [ RunTime:0.001000s ]
[ sql ] [ SQL ] SELECT * FROM `leipi_form` ORDER BY id desc LIMIT 0,10 [ RunTime:0.000000s ]
---------------------------------------------------------------
[ 2018-04-04T16:16:10+08:00 ] 127.0.0.1 GET /index/formdesign/desc/id/2.html
[ info ] 127.0.0.4/index/formdesign/desc/id/2.html [运行时间：0.036002s][吞吐率：27.78req/s] [内存消耗：1,319.66kb] [文件加载：59]
[ info ] [ LANG ] C:\Users\Administrator\web\tpflow\thinkphp\lang\zh-cn.php
[ info ] [ ROUTE ] array (
)
[ info ] [ HEADER ] array (
  'cookie' => 'PHPSESSID=icec5ie8vlneatg6lpq8ab3pk3',
  'accept-language' => 'zh-CN,zh;q=0.8',
  'accept-encoding' => 'gzip,deflate,sdch',
  'referer' => 'http://127.0.0.4/index/formdesign/index.html',
  'user-agent' => 'Mozilla/5.0 (Windows NT 6.1; WOW64) AppleWebKit/537.36 (KHTML, like Gecko) Chrome/36.0.1985.143 Safari/537.36',
  'accept' => 'text/html,application/xhtml+xml,application/xml;q=0.9,image/webp,*/*;q=0.8',
  'connection' => 'close',
  'host' => '127.0.0.4',
)
[ info ] [ PARAM ] array (
)
[ info ] [ SESSION ] INIT array (
  'id' => '',
  'var_session_id' => '',
  'prefix' => 'think',
  'type' => '',
  'auto_start' => true,
  'httponly' => true,
  'secure' => false,
)
[ info ] [ VIEW ] C:\Users\Administrator\web\tpflow\application\index\view\formdesign\desc.html [ array (
  0 => 'fid',
) ]
[ info ] [ LOG ] INIT File
---------------------------------------------------------------
[ 2018-04-04T16:16:10+08:00 ] 127.0.0.1 GET /index/index/welcome.html
[ info ] 127.0.0.4/index/index/welcome.html [运行时间：0.056003s][吞吐率：17.86req/s] [内存消耗：1,957.70kb] [文件加载：62]
[ info ] [ LANG ] C:\Users\Administrator\web\tpflow\thinkphp\lang\zh-cn.php
[ info ] [ ROUTE ] array (
)
[ info ] [ HEADER ] array (
  'cookie' => 'PHPSESSID=icec5ie8vlneatg6lpq8ab3pk3',
  'accept-language' => 'zh-CN,zh;q=0.8',
  'accept-encoding' => 'gzip,deflate,sdch',
  'referer' => 'http://127.0.0.4/index/index/login/id/8/user/%E5%B7%A5%E7%A8%8B%E9%83%A8%E5%91%98%E5%B7%A51/role/15.html',
  'user-agent' => 'Mozilla/5.0 (Windows NT 6.1; WOW64) AppleWebKit/537.36 (KHTML, like Gecko) Chrome/36.0.1985.143 Safari/537.36',
  'accept' => 'text/html,application/xhtml+xml,application/xml;q=0.9,image/webp,*/*;q=0.8',
  'connection' => 'close',
  'host' => '127.0.0.4',
)
[ info ] [ PARAM ] array (
)
[ info ] [ DB ] INIT mysql
[ info ] [ DB ] INIT mysql
[ info ] [ VIEW ] C:\Users\Administrator\web\tpflow\application\index\view\index\welcome.html [ array (
  0 => 'user',
) ]
[ info ] [ SESSION ] INIT array (
  'id' => '',
  'var_session_id' => '',
  'prefix' => 'think',
  'type' => '',
  'auto_start' => true,
  'httponly' => true,
  'secure' => false,
)
[ info ] [ LOG ] INIT File
[ sql ] [ DB ] CONNECT:[ UseTime:0.011001s ] mysql:host=127.0.0.1;port=3306;dbname=tpflow;charset=utf8
[ sql ] [ SQL ] SHOW COLUMNS FROM `leipi_user` [ RunTime:0.007000s ]
[ sql ] [ SQL ] SELECT `id`,`username`,`role` FROM `leipi_user` [ RunTime:0.001000s ]
