---------------------------------------------------------------
[ 2018-04-05T18:19:55+08:00 ] 127.0.0.1 GET /
[ info ] 127.0.0.4/ [运行时间：0.147008s][吞吐率：6.80req/s] [内存消耗：2,042.73kb] [文件加载：64]
[ info ] [ LANG ] D:\tpflow\thinkphp\lang\zh-cn.php
[ info ] [ ROUTE ] array (
)
[ info ] [ HEADER ] array (
  'cookie' => 'PHPSESSID=1as5p1tkrd1k41093m68c0vj4p',
  'accept-language' => 'zh-CN,zh;q=0.9',
  'accept-encoding' => 'gzip, deflate, br',
  'accept' => 'text/html,application/xhtml+xml,application/xml;q=0.9,image/webp,image/apng,*/*;q=0.8',
  'upgrade-insecure-requests' => '1',
  'user-agent' => 'Mozilla/5.0 (Windows NT 6.1; Win64; x64) AppleWebKit/537.36 (KHTML, like Gecko) Chrome/63.0.3239.84 Safari/537.36',
  'cache-control' => 'max-age=0',
  'connection' => 'close',
  'host' => '127.0.0.4',
)
[ info ] [ PARAM ] array (
)
[ info ] [ DB ] INIT mysql
[ info ] [ DB ] INIT mysql
[ info ] [ DB ] INIT mysql
[ info ] [ VIEW ] D:\tpflow\application\index\view\index\index.html [ array (
  0 => 'user',
  1 => 'menu',
) ]
[ info ] [ SESSION ] INIT array (
  'id' => '',
  'var_session_id' => '',
  'prefix' => 'think',
  'type' => '',
  'auto_start' => true,
  'httponly' => true,
  'secure' => false,
)
[ info ] [ LOG ] INIT File
[ sql ] [ DB ] CONNECT:[ UseTime:0.013000s ] mysql:host=127.0.0.1;port=3306;dbname=tpflow;charset=utf8
[ sql ] [ SQL ] SHOW COLUMNS FROM `leipi_user` [ RunTime:0.016001s ]
[ sql ] [ SQL ] SELECT `id`,`username`,`role` FROM `leipi_user` [ RunTime:0.001000s ]
[ sql ] [ DB ] CONNECT:[ UseTime:0.011001s ] mysql:host=127.0.0.1;port=3306;dbname=tpflow;charset=utf8
[ sql ] [ SQL ] SHOW COLUMNS FROM `leipi_menu` [ RunTime:0.017001s ]
[ sql ] [ SQL ] SELECT * FROM `leipi_menu` [ RunTime:0.001000s ]
---------------------------------------------------------------
[ 2018-04-05T18:19:55+08:00 ] 127.0.0.1 GET /index/index/welcome.html
[ info ] 127.0.0.4/index/index/welcome.html [运行时间：0.094005s][吞吐率：10.64req/s] [内存消耗：1,975.13kb] [文件加载：64]
[ info ] [ LANG ] D:\tpflow\thinkphp\lang\zh-cn.php
[ info ] [ ROUTE ] array (
)
[ info ] [ HEADER ] array (
  'cookie' => 'PHPSESSID=1as5p1tkrd1k41093m68c0vj4p',
  'accept-language' => 'zh-CN,zh;q=0.9',
  'accept-encoding' => 'gzip, deflate, br',
  'referer' => 'http://127.0.0.4/',
  'accept' => 'text/html,application/xhtml+xml,application/xml;q=0.9,image/webp,image/apng,*/*;q=0.8',
  'user-agent' => 'Mozilla/5.0 (Windows NT 6.1; Win64; x64) AppleWebKit/537.36 (KHTML, like Gecko) Chrome/63.0.3239.84 Safari/537.36',
  'upgrade-insecure-requests' => '1',
  'connection' => 'close',
  'host' => '127.0.0.4',
)
[ info ] [ PARAM ] array (
)
[ info ] [ DB ] INIT mysql
[ info ] [ DB ] INIT mysql
[ info ] [ VIEW ] D:\tpflow\application\index\view\index\welcome.html [ array (
  0 => 'user',
) ]
[ info ] [ SESSION ] INIT array (
  'id' => '',
  'var_session_id' => '',
  'prefix' => 'think',
  'type' => '',
  'auto_start' => true,
  'httponly' => true,
  'secure' => false,
)
[ info ] [ LOG ] INIT File
[ sql ] [ DB ] CONNECT:[ UseTime:0.010000s ] mysql:host=127.0.0.1;port=3306;dbname=tpflow;charset=utf8
[ sql ] [ SQL ] SHOW COLUMNS FROM `leipi_user` [ RunTime:0.012000s ]
[ sql ] [ SQL ] SELECT `id`,`username`,`role` FROM `leipi_user` [ RunTime:0.001000s ]
---------------------------------------------------------------
[ 2018-04-05T18:20:36+08:00 ] 127.0.0.1 GET /index/formdesign/index.html
[ info ] 127.0.0.4/index/formdesign/index.html [运行时间：0.097005s][吞吐率：10.31req/s] [内存消耗：2,069.80kb] [文件加载：70]
[ info ] [ LANG ] D:\tpflow\thinkphp\lang\zh-cn.php
[ info ] [ ROUTE ] array (
)
[ info ] [ HEADER ] array (
  'cookie' => 'PHPSESSID=1as5p1tkrd1k41093m68c0vj4p',
  'accept-language' => 'zh-CN,zh;q=0.9',
  'accept-encoding' => 'gzip, deflate, br',
  'referer' => 'http://127.0.0.4/',
  'accept' => 'text/html,application/xhtml+xml,application/xml;q=0.9,image/webp,image/apng,*/*;q=0.8',
  'user-agent' => 'Mozilla/5.0 (Windows NT 6.1; Win64; x64) AppleWebKit/537.36 (KHTML, like Gecko) Chrome/63.0.3239.84 Safari/537.36',
  'upgrade-insecure-requests' => '1',
  'connection' => 'close',
  'host' => '127.0.0.4',
)
[ info ] [ PARAM ] array (
)
[ info ] [ SESSION ] INIT array (
  'id' => '',
  'var_session_id' => '',
  'prefix' => 'think',
  'type' => '',
  'auto_start' => true,
  'httponly' => true,
  'secure' => false,
)
[ info ] [ DB ] INIT mysql
[ info ] [ VIEW ] D:\tpflow\application\index\view\formdesign\index.html [ array (
  0 => 'list',
) ]
[ info ] [ LOG ] INIT File
[ sql ] [ DB ] CONNECT:[ UseTime:0.011001s ] mysql:host=127.0.0.1;port=3306;dbname=tpflow;charset=utf8
[ sql ] [ SQL ] SHOW COLUMNS FROM `leipi_form` [ RunTime:0.015000s ]
[ sql ] [ SQL ] SELECT COUNT(*) AS tp_count FROM `leipi_form` LIMIT 1 [ RunTime:0.000000s ]
[ sql ] [ SQL ] SELECT * FROM `leipi_form` ORDER BY id desc LIMIT 0,10 [ RunTime:0.001000s ]
---------------------------------------------------------------
[ 2018-04-05T20:16:37+08:00 ] 127.0.0.1 GET /
[ info ] 127.0.0.4/ [运行时间：0.131007s][吞吐率：7.63req/s] [内存消耗：1,917.02kb] [文件加载：62]
[ info ] [ LANG ] D:\tpflow\thinkphp\lang\zh-cn.php
[ info ] [ ROUTE ] array (
)
[ info ] [ HEADER ] array (
  'cookie' => 'PHPSESSID=1as5p1tkrd1k41093m68c0vj4p',
  'accept-language' => 'zh-CN,zh;q=0.9',
  'accept-encoding' => 'gzip, deflate, br',
  'accept' => 'text/html,application/xhtml+xml,application/xml;q=0.9,image/webp,image/apng,*/*;q=0.8',
  'upgrade-insecure-requests' => '1',
  'user-agent' => 'Mozilla/5.0 (Windows NT 6.1; Win64; x64) AppleWebKit/537.36 (KHTML, like Gecko) Chrome/63.0.3239.84 Safari/537.36',
  'cache-control' => 'max-age=0',
  'connection' => 'close',
  'host' => '127.0.0.4',
)
[ info ] [ PARAM ] array (
)
[ info ] [ DB ] INIT mysql
[ info ] [ DB ] INIT mysql
[ info ] [ DB ] INIT mysql
[ info ] [ VIEW ] D:\tpflow\application\index\view\index\index.html [ array (
  0 => 'user',
  1 => 'menu',
) ]
[ info ] [ SESSION ] INIT array (
  'id' => '',
  'var_session_id' => '',
  'prefix' => 'think',
  'type' => '',
  'auto_start' => true,
  'httponly' => true,
  'secure' => false,
)
[ info ] [ LOG ] INIT File
[ sql ] [ DB ] CONNECT:[ UseTime:0.003000s ] mysql:host=127.0.0.1;port=3306;dbname=tpflow;charset=utf8
[ sql ] [ SQL ] SHOW COLUMNS FROM `leipi_user` [ RunTime:0.017001s ]
[ sql ] [ SQL ] SELECT `id`,`username`,`role` FROM `leipi_user` [ RunTime:0.001000s ]
[ sql ] [ DB ] CONNECT:[ UseTime:0.011001s ] mysql:host=127.0.0.1;port=3306;dbname=tpflow;charset=utf8
[ sql ] [ SQL ] SHOW COLUMNS FROM `leipi_menu` [ RunTime:0.021001s ]
[ sql ] [ SQL ] SELECT * FROM `leipi_menu` [ RunTime:0.001000s ]
---------------------------------------------------------------
[ 2018-04-05T20:16:38+08:00 ] 127.0.0.1 GET /index/index/welcome.html
[ info ] 127.0.0.4/index/index/welcome.html [运行时间：0.095005s][吞吐率：10.53req/s] [内存消耗：1,854.43kb] [文件加载：62]
[ info ] [ LANG ] D:\tpflow\thinkphp\lang\zh-cn.php
[ info ] [ ROUTE ] array (
)
[ info ] [ HEADER ] array (
  'cookie' => 'PHPSESSID=1as5p1tkrd1k41093m68c0vj4p',
  'accept-language' => 'zh-CN,zh;q=0.9',
  'accept-encoding' => 'gzip, deflate, br',
  'referer' => 'http://127.0.0.4/',
  'accept' => 'text/html,application/xhtml+xml,application/xml;q=0.9,image/webp,image/apng,*/*;q=0.8',
  'user-agent' => 'Mozilla/5.0 (Windows NT 6.1; Win64; x64) AppleWebKit/537.36 (KHTML, like Gecko) Chrome/63.0.3239.84 Safari/537.36',
  'upgrade-insecure-requests' => '1',
  'connection' => 'close',
  'host' => '127.0.0.4',
)
[ info ] [ PARAM ] array (
)
[ info ] [ DB ] INIT mysql
[ info ] [ DB ] INIT mysql
[ info ] [ VIEW ] D:\tpflow\application\index\view\index\welcome.html [ array (
  0 => 'user',
) ]
[ info ] [ SESSION ] INIT array (
  'id' => '',
  'var_session_id' => '',
  'prefix' => 'think',
  'type' => '',
  'auto_start' => true,
  'httponly' => true,
  'secure' => false,
)
[ info ] [ LOG ] INIT File
[ sql ] [ DB ] CONNECT:[ UseTime:0.012001s ] mysql:host=127.0.0.1;port=3306;dbname=tpflow;charset=utf8
[ sql ] [ SQL ] SHOW COLUMNS FROM `leipi_user` [ RunTime:0.011001s ]
[ sql ] [ SQL ] SELECT `id`,`username`,`role` FROM `leipi_user` [ RunTime:0.000000s ]
---------------------------------------------------------------
[ 2018-04-05T20:16:38+08:00 ] 127.0.0.1 GET /index/flowdesign/lists.html
[ info ] 127.0.0.4/index/flowdesign/lists.html [运行时间：0.097005s][吞吐率：10.31req/s] [内存消耗：2,135.72kb] [文件加载：70]
[ info ] [ LANG ] D:\tpflow\thinkphp\lang\zh-cn.php
[ info ] [ ROUTE ] array (
)
[ info ] [ HEADER ] array (
  'cookie' => 'PHPSESSID=1as5p1tkrd1k41093m68c0vj4p',
  'accept-language' => 'zh-CN,zh;q=0.9',
  'accept-encoding' => 'gzip, deflate, br',
  'referer' => 'http://127.0.0.4/',
  'accept' => 'text/html,application/xhtml+xml,application/xml;q=0.9,image/webp,image/apng,*/*;q=0.8',
  'user-agent' => 'Mozilla/5.0 (Windows NT 6.1; Win64; x64) AppleWebKit/537.36 (KHTML, like Gecko) Chrome/63.0.3239.84 Safari/537.36',
  'upgrade-insecure-requests' => '1',
  'connection' => 'close',
  'host' => '127.0.0.4',
)
[ info ] [ PARAM ] array (
)
[ info ] [ SESSION ] INIT array (
  'id' => '',
  'var_session_id' => '',
  'prefix' => 'think',
  'type' => '',
  'auto_start' => true,
  'httponly' => true,
  'secure' => false,
)
[ info ] [ DB ] INIT mysql
[ info ] [ VIEW ] D:\tpflow\application\index\view\flowdesign\lists.html [ array (
  0 => 'type',
  1 => 'list',
) ]
[ info ] [ LOG ] INIT File
[ sql ] [ DB ] CONNECT:[ UseTime:0.011001s ] mysql:host=127.0.0.1;port=3306;dbname=tpflow;charset=utf8
[ sql ] [ SQL ] SHOW COLUMNS FROM `leipi_flow` [ RunTime:0.010000s ]
[ sql ] [ SQL ] SELECT COUNT(*) AS tp_count FROM `leipi_flow` WHERE  `is_del` = 0 LIMIT 1 [ RunTime:0.000000s ]
[ sql ] [ SQL ] SELECT * FROM `leipi_flow` WHERE  `is_del` = 0 ORDER BY id desc LIMIT 0,10 [ RunTime:0.001000s ]
---------------------------------------------------------------
[ 2018-04-05T20:16:40+08:00 ] 127.0.0.1 GET /index/flowdesign/index/flow_id/6.html
[ info ] 127.0.0.4/index/flowdesign/index/flow_id/6.html [运行时间：0.114007s][吞吐率：8.77req/s] [内存消耗：2,207.83kb] [文件加载：66]
[ info ] [ LANG ] D:\tpflow\thinkphp\lang\zh-cn.php
[ info ] [ ROUTE ] array (
)
[ info ] [ HEADER ] array (
  'cookie' => 'PHPSESSID=1as5p1tkrd1k41093m68c0vj4p',
  'accept-language' => 'zh-CN,zh;q=0.9',
  'accept-encoding' => 'gzip, deflate, br',
  'referer' => 'http://127.0.0.4/index/flowdesign/lists.html',
  'accept' => 'text/html,application/xhtml+xml,application/xml;q=0.9,image/webp,image/apng,*/*;q=0.8',
  'user-agent' => 'Mozilla/5.0 (Windows NT 6.1; Win64; x64) AppleWebKit/537.36 (KHTML, like Gecko) Chrome/63.0.3239.84 Safari/537.36',
  'upgrade-insecure-requests' => '1',
  'connection' => 'close',
  'host' => '127.0.0.4',
)
[ info ] [ PARAM ] array (
  'flow_id' => '6',
)
[ info ] [ SESSION ] INIT array (
  'id' => '',
  'var_session_id' => '',
  'prefix' => 'think',
  'type' => '',
  'auto_start' => true,
  'httponly' => true,
  'secure' => false,
)
[ info ] [ DB ] INIT mysql
[ info ] [ DB ] INIT mysql
[ info ] [ DB ] INIT mysql
[ info ] [ VIEW ] D:\tpflow\application\index\view\flowdesign\index.html [ array (
  0 => 'one',
  1 => 'process_data',
) ]
[ info ] [ LOG ] INIT File
[ sql ] [ DB ] CONNECT:[ UseTime:0.010000s ] mysql:host=127.0.0.1;port=3306;dbname=tpflow;charset=utf8
[ sql ] [ SQL ] SHOW COLUMNS FROM `leipi_flow` [ RunTime:0.013001s ]
[ sql ] [ SQL ] SELECT * FROM `leipi_flow` WHERE  `id` = 6 LIMIT 1 [ RunTime:0.001000s ]
[ sql ] [ DB ] CONNECT:[ UseTime:0.001000s ] mysql:host=127.0.0.1;port=3306;dbname=tpflow;charset=utf8
[ sql ] [ SQL ] SHOW COLUMNS FROM `leipi_flow_process` [ RunTime:0.014001s ]
[ sql ] [ SQL ] SELECT * FROM `leipi_flow_process` WHERE  `flow_id` = 6  AND `is_del` = 0 ORDER BY id asc [ RunTime:0.001000s ]
---------------------------------------------------------------
[ 2018-04-05T20:16:40+08:00 ] 127.0.0.1 GET /Public/images/grid.png
[ info ] 127.0.0.4/Public/images/grid.png [运行时间：0.044003s][吞吐率：22.73req/s] [内存消耗：844.89kb] [文件加载：47]
[ info ] [ LANG ] D:\tpflow\thinkphp\lang\zh-cn.php
[ info ] [ LOG ] INIT File
---------------------------------------------------------------
[ 2018-04-05T20:16:42+08:00 ] 127.0.0.1 POST /index/flowdesign/add_process.html
[ info ] 127.0.0.4/index/flowdesign/add_process.html [运行时间：0.088005s][吞吐率：11.36req/s] [内存消耗：1,989.99kb] [文件加载：61]
[ info ] [ LANG ] D:\tpflow\thinkphp\lang\zh-cn.php
[ info ] [ ROUTE ] array (
)
[ info ] [ HEADER ] array (
  'cookie' => 'PHPSESSID=1as5p1tkrd1k41093m68c0vj4p',
  'accept-language' => 'zh-CN,zh;q=0.9',
  'accept-encoding' => 'gzip, deflate, br',
  'referer' => 'http://127.0.0.4/index/flowdesign/index/flow_id/6.html',
  'content-type' => 'application/x-www-form-urlencoded; charset=UTF-8',
  'user-agent' => 'Mozilla/5.0 (Windows NT 6.1; Win64; x64) AppleWebKit/537.36 (KHTML, like Gecko) Chrome/63.0.3239.84 Safari/537.36',
  'x-requested-with' => 'XMLHttpRequest',
  'origin' => 'http://127.0.0.4',
  'accept' => 'application/json, text/javascript, */*; q=0.01',
  'content-length' => '30',
  'connection' => 'close',
  'host' => '127.0.0.4',
)
[ info ] [ PARAM ] array (
  'flow_id' => '6',
  'left' => '738px',
  'top' => '152px',
)
[ info ] [ SESSION ] INIT array (
  'id' => '',
  'var_session_id' => '',
  'prefix' => 'think',
  'type' => '',
  'auto_start' => true,
  'httponly' => true,
  'secure' => false,
)
[ info ] [ DB ] INIT mysql
[ info ] [ DB ] INIT mysql
[ info ] [ DB ] INIT mysql
[ info ] [ DB ] INIT mysql
[ info ] [ LOG ] INIT File
[ sql ] [ DB ] CONNECT:[ UseTime:0.001000s ] mysql:host=127.0.0.1;port=3306;dbname=tpflow;charset=utf8
[ sql ] [ SQL ] SHOW COLUMNS FROM `leipi_flow` [ RunTime:0.013001s ]
[ sql ] [ SQL ] SELECT * FROM `leipi_flow` WHERE  `id` = 6 LIMIT 1 [ RunTime:0.001000s ]
[ sql ] [ DB ] CONNECT:[ UseTime:0.001000s ] mysql:host=127.0.0.1;port=3306;dbname=tpflow;charset=utf8
[ sql ] [ SQL ] SHOW COLUMNS FROM `leipi_flow_process` [ RunTime:0.013001s ]
[ sql ] [ SQL ] SELECT COUNT(*) AS tp_count FROM `leipi_flow_process` WHERE  `flow_id` = 6  AND `is_del` = 0 LIMIT 1 [ RunTime:0.000000s ]
[ sql ] [ DB ] CONNECT:[ UseTime:0.001000s ] mysql:host=127.0.0.1;port=3306;dbname=tpflow;charset=utf8
[ sql ] [ SQL ] INSERT INTO `leipi_flow_process` (`flow_id` , `process_type` , `process_name` , `setleft` , `settop` , `process_to` , `style` , `child_after` , `auto_unlock`) VALUES (6 , 'is_step' , '新建步骤' , 738 , 152 , '' , '{\"icon\":\"icon-star\",\"width\":\"120\",\"height\":\"30\",\"color\":\"#0e76a8\"}' , 1 , 1) [ RunTime:0.003000s ]
---------------------------------------------------------------
[ 2018-04-05T20:16:42+08:00 ] 127.0.0.1 GET /index/flowdesign/index/flow_id/6.html
[ info ] 127.0.0.4/index/flowdesign/index/flow_id/6.html [运行时间：0.082004s][吞吐率：12.19req/s] [内存消耗：2,066.52kb] [文件加载：64]
[ info ] [ LANG ] D:\tpflow\thinkphp\lang\zh-cn.php
[ info ] [ ROUTE ] array (
)
[ info ] [ HEADER ] array (
  'cookie' => 'PHPSESSID=1as5p1tkrd1k41093m68c0vj4p',
  'accept-language' => 'zh-CN,zh;q=0.9',
  'accept-encoding' => 'gzip, deflate, br',
  'referer' => 'http://127.0.0.4/index/flowdesign/index/flow_id/6.html',
  'accept' => 'text/html,application/xhtml+xml,application/xml;q=0.9,image/webp,image/apng,*/*;q=0.8',
  'user-agent' => 'Mozilla/5.0 (Windows NT 6.1; Win64; x64) AppleWebKit/537.36 (KHTML, like Gecko) Chrome/63.0.3239.84 Safari/537.36',
  'upgrade-insecure-requests' => '1',
  'cache-control' => 'max-age=0',
  'connection' => 'close',
  'host' => '127.0.0.4',
)
[ info ] [ PARAM ] array (
  'flow_id' => '6',
)
[ info ] [ SESSION ] INIT array (
  'id' => '',
  'var_session_id' => '',
  'prefix' => 'think',
  'type' => '',
  'auto_start' => true,
  'httponly' => true,
  'secure' => false,
)
[ info ] [ DB ] INIT mysql
[ info ] [ DB ] INIT mysql
[ info ] [ DB ] INIT mysql
[ info ] [ VIEW ] D:\tpflow\application\index\view\flowdesign\index.html [ array (
  0 => 'one',
  1 => 'process_data',
) ]
[ info ] [ LOG ] INIT File
[ sql ] [ DB ] CONNECT:[ UseTime:0.001000s ] mysql:host=127.0.0.1;port=3306;dbname=tpflow;charset=utf8
[ sql ] [ SQL ] SHOW COLUMNS FROM `leipi_flow` [ RunTime:0.012001s ]
[ sql ] [ SQL ] SELECT * FROM `leipi_flow` WHERE  `id` = 6 LIMIT 1 [ RunTime:0.001000s ]
[ sql ] [ DB ] CONNECT:[ UseTime:0.001000s ] mysql:host=127.0.0.1;port=3306;dbname=tpflow;charset=utf8
[ sql ] [ SQL ] SHOW COLUMNS FROM `leipi_flow_process` [ RunTime:0.011001s ]
[ sql ] [ SQL ] SELECT * FROM `leipi_flow_process` WHERE  `flow_id` = 6  AND `is_del` = 0 ORDER BY id asc [ RunTime:0.001000s ]
---------------------------------------------------------------
[ 2018-04-05T20:16:42+08:00 ] 127.0.0.1 GET /Public/images/grid.png
[ info ] 127.0.0.4/Public/images/grid.png [运行时间：0.042003s][吞吐率：23.81req/s] [内存消耗：844.89kb] [文件加载：47]
[ info ] [ LANG ] D:\tpflow\thinkphp\lang\zh-cn.php
[ info ] [ LOG ] INIT File
---------------------------------------------------------------
[ 2018-04-05T20:16:44+08:00 ] 127.0.0.1 GET /index/flowdesign/attribute.html?id=93
[ info ] 127.0.0.4/index/flowdesign/attribute.html?id=93 [运行时间：0.139008s][吞吐率：7.19req/s] [内存消耗：2,336.73kb] [文件加载：66]
[ info ] [ LANG ] D:\tpflow\thinkphp\lang\zh-cn.php
[ info ] [ ROUTE ] array (
)
[ info ] [ HEADER ] array (
  'cookie' => 'PHPSESSID=1as5p1tkrd1k41093m68c0vj4p',
  'accept-language' => 'zh-CN,zh;q=0.9',
  'accept-encoding' => 'gzip, deflate, br',
  'referer' => 'http://127.0.0.4/index/flowdesign/index/flow_id/6.html',
  'accept' => 'text/html,application/xhtml+xml,application/xml;q=0.9,image/webp,image/apng,*/*;q=0.8',
  'user-agent' => 'Mozilla/5.0 (Windows NT 6.1; Win64; x64) AppleWebKit/537.36 (KHTML, like Gecko) Chrome/63.0.3239.84 Safari/537.36',
  'upgrade-insecure-requests' => '1',
  'connection' => 'close',
  'host' => '127.0.0.4',
)
[ info ] [ PARAM ] array (
  'id' => '93',
)
[ info ] [ SESSION ] INIT array (
  'id' => '',
  'var_session_id' => '',
  'prefix' => 'think',
  'type' => '',
  'auto_start' => true,
  'httponly' => true,
  'secure' => false,
)
[ info ] [ DB ] INIT mysql
[ info ] [ DB ] INIT mysql
[ info ] [ DB ] INIT mysql
[ info ] [ DB ] INIT mysql
[ info ] [ DB ] INIT mysql
[ info ] [ DB ] INIT mysql
[ info ] [ DB ] INIT mysql
[ info ] [ VIEW ] D:\tpflow\application\index\view\flowdesign\attribute.html [ array (
  0 => 'op',
  1 => 'one',
  2 => 'from',
  3 => 'process_to_list',
  4 => 'child_flow_list',
) ]
[ info ] [ LOG ] INIT File
[ sql ] [ DB ] CONNECT:[ UseTime:0.002000s ] mysql:host=127.0.0.1;port=3306;dbname=tpflow;charset=utf8
[ sql ] [ SQL ] SHOW COLUMNS FROM `leipi_flow_process` [ RunTime:0.015001s ]
[ sql ] [ SQL ] SELECT * FROM `leipi_flow_process` WHERE  `id` = 93 LIMIT 1 [ RunTime:0.001000s ]
[ sql ] [ DB ] CONNECT:[ UseTime:0.001000s ] mysql:host=127.0.0.1;port=3306;dbname=tpflow;charset=utf8
[ sql ] [ SQL ] SHOW COLUMNS FROM `leipi_flow` [ RunTime:0.015001s ]
[ sql ] [ SQL ] SELECT * FROM `leipi_flow` WHERE  `id` = 6 LIMIT 1 [ RunTime:0.001000s ]
[ sql ] [ DB ] CONNECT:[ UseTime:0.001000s ] mysql:host=127.0.0.1;port=3306;dbname=tpflow;charset=utf8
[ sql ] [ SQL ] SELECT `id`,`process_name`,`process_type` FROM `leipi_flow_process` WHERE  `flow_id` = 6  AND `is_del` = 0 [ RunTime:0.001000s ]
[ sql ] [ DB ] CONNECT:[ UseTime:0.001000s ] mysql:host=127.0.0.1;port=3306;dbname=tpflow;charset=utf8
[ sql ] [ SQL ] SELECT `id`,`flow_name` FROM `leipi_flow` WHERE  `is_del` = 0 [ RunTime:0.002000s ]
[ sql ] [ SQL ] SELECT COLUMN_NAME as field,column_comment as comment FROM INFORMATION_SCHEMA.COLUMNS WHERE table_name = 'leipi_paper' AND table_schema = 'tpflow' [ RunTime:0.014001s ]
---------------------------------------------------------------
[ 2018-04-05T20:16:49+08:00 ] 127.0.0.1 POST /index/flowdesign/delete_process.html
[ info ] 127.0.0.4/index/flowdesign/delete_process.html [运行时间：0.083005s][吞吐率：12.05req/s] [内存消耗：1,981.97kb] [文件加载：65]
[ info ] [ LANG ] D:\tpflow\thinkphp\lang\zh-cn.php
[ info ] [ ROUTE ] array (
)
[ info ] [ HEADER ] array (
  'cookie' => 'PHPSESSID=1as5p1tkrd1k41093m68c0vj4p',
  'accept-language' => 'zh-CN,zh;q=0.9',
  'accept-encoding' => 'gzip, deflate, br',
  'referer' => 'http://127.0.0.4/index/flowdesign/index/flow_id/6.html',
  'content-type' => 'application/x-www-form-urlencoded; charset=UTF-8',
  'user-agent' => 'Mozilla/5.0 (Windows NT 6.1; Win64; x64) AppleWebKit/537.36 (KHTML, like Gecko) Chrome/63.0.3239.84 Safari/537.36',
  'x-requested-with' => 'XMLHttpRequest',
  'origin' => 'http://127.0.0.4',
  'accept' => 'application/json, text/javascript, */*; q=0.01',
  'content-length' => '23',
  'connection' => 'close',
  'host' => '127.0.0.4',
)
[ info ] [ PARAM ] array (
  'flow_id' => '6',
  'process_id' => '93',
)
[ info ] [ SESSION ] INIT array (
  'id' => '',
  'var_session_id' => '',
  'prefix' => 'think',
  'type' => '',
  'auto_start' => true,
  'httponly' => true,
  'secure' => false,
)
[ info ] [ DB ] INIT mysql
[ info ] [ DB ] INIT mysql
[ info ] [ CACHE ] INIT File
[ info ] [ DB ] INIT mysql
[ info ] [ LOG ] INIT File
[ sql ] [ DB ] CONNECT:[ UseTime:0.001000s ] mysql:host=127.0.0.1;port=3306;dbname=tpflow;charset=utf8
[ sql ] [ SQL ] SHOW COLUMNS FROM `leipi_flow_process` [ RunTime:0.013001s ]
[ sql ] [ SQL ] UPDATE `leipi_flow_process`  SET `updatetime` = 1522930609 , `is_del` = 1  WHERE  `id` = 93  AND `flow_id` = 6  AND `is_del` = 0 [ RunTime:0.001000s ]
[ sql ] [ DB ] CONNECT:[ UseTime:0.002001s ] mysql:host=127.0.0.1;port=3306;dbname=tpflow;charset=utf8
[ sql ] [ SQL ] SELECT `id`,`process_to` FROM `leipi_flow_process` WHERE  `flow_id` = 6  AND `is_del` = 0  AND (  FIND_IN_SET(93,process_to) ) [ RunTime:0.001000s ]
---------------------------------------------------------------
[ 2018-04-05T20:16:49+08:00 ] 127.0.0.1 POST /index/flowdesign/save_canvas.html
[ info ] 127.0.0.4/index/flowdesign/save_canvas.html [运行时间：0.146009s][吞吐率：6.85req/s] [内存消耗：2,138.65kb] [文件加载：64]
[ info ] [ LANG ] D:\tpflow\thinkphp\lang\zh-cn.php
[ info ] [ ROUTE ] array (
)
[ info ] [ HEADER ] array (
  'cookie' => 'PHPSESSID=1as5p1tkrd1k41093m68c0vj4p',
  'accept-language' => 'zh-CN,zh;q=0.9',
  'accept-encoding' => 'gzip, deflate, br',
  'referer' => 'http://127.0.0.4/index/flowdesign/index/flow_id/6.html',
  'content-type' => 'application/x-www-form-urlencoded; charset=UTF-8',
  'user-agent' => 'Mozilla/5.0 (Windows NT 6.1; Win64; x64) AppleWebKit/537.36 (KHTML, like Gecko) Chrome/63.0.3239.84 Safari/537.36',
  'x-requested-with' => 'XMLHttpRequest',
  'origin' => 'http://127.0.0.4',
  'accept' => 'application/json, text/javascript, */*; q=0.01',
  'content-length' => '592',
  'connection' => 'close',
  'host' => '127.0.0.4',
)
[ info ] [ PARAM ] array (
  'flow_id' => '6',
  'process_info' => '{&quot;77&quot;:{&quot;top&quot;:234,&quot;left&quot;:375,&quot;process_to&quot;:[&quot;78&quot;,&quot;83&quot;,&quot;84&quot;,&quot;85&quot;]},&quot;78&quot;:{&quot;top&quot;:655,&quot;left&quot;:1115,&quot;process_to&quot;:[&quot;86&quot;]},&quot;83&quot;:{&quot;top&quot;:563,&quot;left&quot;:736,&quot;process_to&quot;:[&quot;86&quot;]},&quot;84&quot;:{&quot;top&quot;:361,&quot;left&quot;:426,&quot;process_to&quot;:[&quot;86&quot;]},&quot;85&quot;:{&quot;top&quot;:410,&quot;left&quot;:151,&quot;process_to&quot;:[&quot;86&quot;]},&quot;86&quot;:{&quot;top&quot;:676,&quot;left&quot;:392,&quot;process_to&quot;:[]}}',
)
[ info ] [ SESSION ] INIT array (
  'id' => '',
  'var_session_id' => '',
  'prefix' => 'think',
  'type' => '',
  'auto_start' => true,
  'httponly' => true,
  'secure' => false,
)
[ info ] [ DB ] INIT mysql
[ info ] [ DB ] INIT mysql
[ info ] [ DB ] INIT mysql
[ info ] [ CACHE ] INIT File
[ info ] [ DB ] INIT mysql
[ info ] [ DB ] INIT mysql
[ info ] [ DB ] INIT mysql
[ info ] [ DB ] INIT mysql
[ info ] [ DB ] INIT mysql
[ info ] [ LOG ] INIT File
[ sql ] [ DB ] CONNECT:[ UseTime:0.002000s ] mysql:host=127.0.0.1;port=3306;dbname=tpflow;charset=utf8
[ sql ] [ SQL ] SHOW COLUMNS FROM `leipi_flow` [ RunTime:0.011000s ]
[ sql ] [ SQL ] SELECT * FROM `leipi_flow` WHERE  `id` = 6 LIMIT 1 [ RunTime:0.000000s ]
[ sql ] [ DB ] CONNECT:[ UseTime:0.010001s ] mysql:host=127.0.0.1;port=3306;dbname=tpflow;charset=utf8
[ sql ] [ SQL ] SHOW COLUMNS FROM `leipi_flow_process` [ RunTime:0.014001s ]
[ sql ] [ SQL ] UPDATE `leipi_flow_process`  SET `setleft` = 375 , `settop` = 234 , `process_to` = '78,83,84,85' , `updatetime` = 1522930609  WHERE  `id` = 77  AND `flow_id` = 6  AND `is_del` = 0 [ RunTime:0.003000s ]
[ sql ] [ DB ] CONNECT:[ UseTime:0.001000s ] mysql:host=127.0.0.1;port=3306;dbname=tpflow;charset=utf8
[ sql ] [ SQL ] UPDATE `leipi_flow_process`  SET `setleft` = 1115 , `settop` = 655 , `process_to` = '86' , `updatetime` = 1522930609  WHERE  `id` = 78  AND `flow_id` = 6  AND `is_del` = 0 [ RunTime:0.003000s ]
[ sql ] [ DB ] CONNECT:[ UseTime:0.001000s ] mysql:host=127.0.0.1;port=3306;dbname=tpflow;charset=utf8
[ sql ] [ SQL ] UPDATE `leipi_flow_process`  SET `setleft` = 736 , `settop` = 563 , `process_to` = '86' , `updatetime` = 1522930609  WHERE  `id` = 83  AND `flow_id` = 6  AND `is_del` = 0 [ RunTime:0.003001s ]
[ sql ] [ DB ] CONNECT:[ UseTime:0.011000s ] mysql:host=127.0.0.1;port=3306;dbname=tpflow;charset=utf8
[ sql ] [ SQL ] UPDATE `leipi_flow_process`  SET `setleft` = 426 , `settop` = 361 , `process_to` = '86' , `updatetime` = 1522930609  WHERE  `id` = 84  AND `flow_id` = 6  AND `is_del` = 0 [ RunTime:0.003000s ]
[ sql ] [ DB ] CONNECT:[ UseTime:0.010000s ] mysql:host=127.0.0.1;port=3306;dbname=tpflow;charset=utf8
[ sql ] [ SQL ] UPDATE `leipi_flow_process`  SET `setleft` = 151 , `settop` = 410 , `process_to` = '86' , `updatetime` = 1522930609  WHERE  `id` = 85  AND `flow_id` = 6  AND `is_del` = 0 [ RunTime:0.004000s ]
[ sql ] [ DB ] CONNECT:[ UseTime:0.002000s ] mysql:host=127.0.0.1;port=3306;dbname=tpflow;charset=utf8
[ sql ] [ SQL ] UPDATE `leipi_flow_process`  SET `setleft` = 392 , `settop` = 676 , `process_to` = '' , `updatetime` = 1522930609  WHERE  `id` = 86  AND `flow_id` = 6  AND `is_del` = 0 [ RunTime:0.003001s ]
---------------------------------------------------------------
[ 2018-04-05T20:16:49+08:00 ] 127.0.0.1 GET /index/flowdesign/index/flow_id/6.html
[ info ] 127.0.0.4/index/flowdesign/index/flow_id/6.html [运行时间：0.115007s][吞吐率：8.70req/s] [内存消耗：2,065.86kb] [文件加载：64]
[ info ] [ LANG ] D:\tpflow\thinkphp\lang\zh-cn.php
[ info ] [ ROUTE ] array (
)
[ info ] [ HEADER ] array (
  'cookie' => 'PHPSESSID=1as5p1tkrd1k41093m68c0vj4p',
  'accept-language' => 'zh-CN,zh;q=0.9',
  'accept-encoding' => 'gzip, deflate, br',
  'referer' => 'http://127.0.0.4/index/flowdesign/index/flow_id/6.html',
  'accept' => 'text/html,application/xhtml+xml,application/xml;q=0.9,image/webp,image/apng,*/*;q=0.8',
  'user-agent' => 'Mozilla/5.0 (Windows NT 6.1; Win64; x64) AppleWebKit/537.36 (KHTML, like Gecko) Chrome/63.0.3239.84 Safari/537.36',
  'upgrade-insecure-requests' => '1',
  'cache-control' => 'max-age=0',
  'connection' => 'close',
  'host' => '127.0.0.4',
)
[ info ] [ PARAM ] array (
  'flow_id' => '6',
)
[ info ] [ SESSION ] INIT array (
  'id' => '',
  'var_session_id' => '',
  'prefix' => 'think',
  'type' => '',
  'auto_start' => true,
  'httponly' => true,
  'secure' => false,
)
[ info ] [ DB ] INIT mysql
[ info ] [ DB ] INIT mysql
[ info ] [ DB ] INIT mysql
[ info ] [ VIEW ] D:\tpflow\application\index\view\flowdesign\index.html [ array (
  0 => 'one',
  1 => 'process_data',
) ]
[ info ] [ LOG ] INIT File
[ sql ] [ DB ] CONNECT:[ UseTime:0.011001s ] mysql:host=127.0.0.1;port=3306;dbname=tpflow;charset=utf8
[ sql ] [ SQL ] SHOW COLUMNS FROM `leipi_flow` [ RunTime:0.013000s ]
[ sql ] [ SQL ] SELECT * FROM `leipi_flow` WHERE  `id` = 6 LIMIT 1 [ RunTime:0.000000s ]
[ sql ] [ DB ] CONNECT:[ UseTime:0.010000s ] mysql:host=127.0.0.1;port=3306;dbname=tpflow;charset=utf8
[ sql ] [ SQL ] SHOW COLUMNS FROM `leipi_flow_process` [ RunTime:0.013001s ]
[ sql ] [ SQL ] SELECT * FROM `leipi_flow_process` WHERE  `flow_id` = 6  AND `is_del` = 0 ORDER BY id asc [ RunTime:0.001000s ]
---------------------------------------------------------------
[ 2018-04-05T20:16:49+08:00 ] 127.0.0.1 GET /Public/images/grid.png
[ info ] 127.0.0.4/Public/images/grid.png [运行时间：0.045003s][吞吐率：22.22req/s] [内存消耗：844.89kb] [文件加载：47]
[ info ] [ LANG ] D:\tpflow\thinkphp\lang\zh-cn.php
[ info ] [ LOG ] INIT File
