---------------------------------------------------------------
[ 2018-03-19T20:14:06+08:00 ] 127.0.0.1 GET /index/flowdesign/attribute.html?id=70
[ info ] 127.0.0.4/index/flowdesign/attribute.html?id=70 [运行时间：0.105006s][吞吐率：9.52req/s] [内存消耗：2,257.70kb] [文件加载：62]
[ info ] [ LANG ] D:\tpflow\ThinkPHP/lang/zh-cn.php
[ info ] [ ROUTE ] array (
)
[ info ] [ HEADER ] array (
  'cookie' => 'PHPSESSID=p7u8rfprnj8jtoq3gnemg8ihu5',
  'accept-language' => 'zh-CN,zh;q=0.9',
  'accept-encoding' => 'gzip, deflate, br',
  'referer' => 'http://127.0.0.4/index/flowdesign/index/flow_id/4.html',
  'accept' => 'text/html,application/xhtml+xml,application/xml;q=0.9,image/webp,image/apng,*/*;q=0.8',
  'user-agent' => 'Mozilla/5.0 (Windows NT 6.1; Win64; x64) AppleWebKit/537.36 (KHTML, like Gecko) Chrome/63.0.3239.84 Safari/537.36',
  'upgrade-insecure-requests' => '1',
  'connection' => 'close',
  'host' => '127.0.0.4',
)
[ info ] [ PARAM ] array (
  'id' => '70',
)
[ info ] [ DB ] INIT mysql
[ info ] [ DB ] INIT mysql
[ info ] [ DB ] INIT mysql
[ info ] [ DB ] INIT mysql
[ info ] [ DB ] INIT mysql
[ info ] [ DB ] INIT mysql
[ info ] [ DB ] INIT mysql
[ info ] [ DB ] INIT mysql
[ info ] [ VIEW ] D:\tpflow\application/index/view\flowdesign\attribute.html [ array (
  0 => 'op',
  1 => 'one',
  2 => 'form_one',
  3 => 'form_plugins',
  4 => 'process_to_list',
  5 => 'child_flow_list',
) ]
[ info ] [ LOG ] INIT File
[ sql ] [ DB ] CONNECT:[ UseTime:0.003001s ] mysql:host=127.0.0.1;port=3306;dbname=tpflow;charset=utf8
[ sql ] [ SQL ] SHOW COLUMNS FROM `leipi_flow_process` [ RunTime:0.013000s ]
[ sql ] [ SQL ] SELECT * FROM `leipi_flow_process` WHERE  `id` = 70  AND `is_del` = 0 LIMIT 1 [ RunTime:0.001000s ]
[ sql ] [ DB ] CONNECT:[ UseTime:0.001000s ] mysql:host=127.0.0.1;port=3306;dbname=tpflow;charset=utf8
[ sql ] [ SQL ] SHOW COLUMNS FROM `leipi_flow` [ RunTime:0.012001s ]
[ sql ] [ SQL ] SELECT * FROM `leipi_flow` WHERE  `id` = 4  AND `is_del` = 0 LIMIT 1 [ RunTime:0.001000s ]
[ sql ] [ DB ] CONNECT:[ UseTime:0.001000s ] mysql:host=127.0.0.1;port=3306;dbname=tpflow;charset=utf8
[ sql ] [ SQL ] SHOW COLUMNS FROM `leipi_form` [ RunTime:0.012001s ]
[ sql ] [ SQL ] SELECT `id`,`form_name`,`content_data`,`fields` FROM `leipi_form` WHERE  `id` = 53  AND `is_del` = 0 LIMIT 1 [ RunTime:0.001000s ]
[ sql ] [ DB ] CONNECT:[ UseTime:0.001000s ] mysql:host=127.0.0.1;port=3306;dbname=tpflow;charset=utf8
[ sql ] [ SQL ] SELECT `id`,`process_name`,`process_type` FROM `leipi_flow_process` WHERE  `flow_id` = 4  AND `is_del` = 0 [ RunTime:0.001000s ]
[ sql ] [ DB ] CONNECT:[ UseTime:0.001000s ] mysql:host=127.0.0.1;port=3306;dbname=tpflow;charset=utf8
[ sql ] [ SQL ] SELECT `id`,`flow_name` FROM `leipi_flow` WHERE  `is_del` = 0 [ RunTime:0.000000s ]
---------------------------------------------------------------
[ 2018-03-19T20:14:29+08:00 ] 127.0.0.1 GET /index/flowdesign/attribute.html?id=71
[ info ] 127.0.0.4/index/flowdesign/attribute.html?id=71 [运行时间：0.114007s][吞吐率：8.77req/s] [内存消耗：2,257.62kb] [文件加载：62]
[ info ] [ LANG ] D:\tpflow\ThinkPHP/lang/zh-cn.php
[ info ] [ ROUTE ] array (
)
[ info ] [ HEADER ] array (
  'cookie' => 'PHPSESSID=p7u8rfprnj8jtoq3gnemg8ihu5',
  'accept-language' => 'zh-CN,zh;q=0.9',
  'accept-encoding' => 'gzip, deflate, br',
  'referer' => 'http://127.0.0.4/index/flowdesign/index/flow_id/4.html',
  'accept' => 'text/html,application/xhtml+xml,application/xml;q=0.9,image/webp,image/apng,*/*;q=0.8',
  'user-agent' => 'Mozilla/5.0 (Windows NT 6.1; Win64; x64) AppleWebKit/537.36 (KHTML, like Gecko) Chrome/63.0.3239.84 Safari/537.36',
  'upgrade-insecure-requests' => '1',
  'connection' => 'close',
  'host' => '127.0.0.4',
)
[ info ] [ PARAM ] array (
  'id' => '71',
)
[ info ] [ DB ] INIT mysql
[ info ] [ DB ] INIT mysql
[ info ] [ DB ] INIT mysql
[ info ] [ DB ] INIT mysql
[ info ] [ DB ] INIT mysql
[ info ] [ DB ] INIT mysql
[ info ] [ DB ] INIT mysql
[ info ] [ DB ] INIT mysql
[ info ] [ VIEW ] D:\tpflow\application/index/view\flowdesign\attribute.html [ array (
  0 => 'op',
  1 => 'one',
  2 => 'form_one',
  3 => 'form_plugins',
  4 => 'process_to_list',
  5 => 'child_flow_list',
) ]
[ info ] [ LOG ] INIT File
[ sql ] [ DB ] CONNECT:[ UseTime:0.001001s ] mysql:host=127.0.0.1;port=3306;dbname=tpflow;charset=utf8
[ sql ] [ SQL ] SHOW COLUMNS FROM `leipi_flow_process` [ RunTime:0.014000s ]
[ sql ] [ SQL ] SELECT * FROM `leipi_flow_process` WHERE  `id` = 71  AND `is_del` = 0 LIMIT 1 [ RunTime:0.001000s ]
[ sql ] [ DB ] CONNECT:[ UseTime:0.001001s ] mysql:host=127.0.0.1;port=3306;dbname=tpflow;charset=utf8
[ sql ] [ SQL ] SHOW COLUMNS FROM `leipi_flow` [ RunTime:0.012000s ]
[ sql ] [ SQL ] SELECT * FROM `leipi_flow` WHERE  `id` = 4  AND `is_del` = 0 LIMIT 1 [ RunTime:0.001000s ]
[ sql ] [ DB ] CONNECT:[ UseTime:0.001000s ] mysql:host=127.0.0.1;port=3306;dbname=tpflow;charset=utf8
[ sql ] [ SQL ] SHOW COLUMNS FROM `leipi_form` [ RunTime:0.010001s ]
[ sql ] [ SQL ] SELECT `id`,`form_name`,`content_data`,`fields` FROM `leipi_form` WHERE  `id` = 53  AND `is_del` = 0 LIMIT 1 [ RunTime:0.001000s ]
[ sql ] [ DB ] CONNECT:[ UseTime:0.002000s ] mysql:host=127.0.0.1;port=3306;dbname=tpflow;charset=utf8
[ sql ] [ SQL ] SELECT `id`,`process_name`,`process_type` FROM `leipi_flow_process` WHERE  `flow_id` = 4  AND `is_del` = 0 [ RunTime:0.002000s ]
[ sql ] [ DB ] CONNECT:[ UseTime:0.001000s ] mysql:host=127.0.0.1;port=3306;dbname=tpflow;charset=utf8
[ sql ] [ SQL ] SELECT `id`,`flow_name` FROM `leipi_flow` WHERE  `is_del` = 0 [ RunTime:0.001000s ]
