---------------------------------------------------------------
[ 2018-03-23T09:07:10+08:00 ] 127.0.0.1 GET /
[ info ] 127.0.0.4/ [运行时间：0.066004s][吞吐率：15.15req/s] [内存消耗：1,279.99kb] [文件加载：57]
[ info ] [ LANG ] C:\Users\Administrator\web\tpflow\ThinkPHP/lang/zh-cn.php
[ info ] [ ROUTE ] array (
)
[ info ] [ HEADER ] array (
  'accept-language' => 'zh-CN,zh;q=0.8',
  'accept-encoding' => 'gzip,deflate,sdch',
  'user-agent' => 'Mozilla/5.0 (Windows NT 6.1; WOW64) AppleWebKit/537.36 (KHTML, like Gecko) Chrome/36.0.1985.143 Safari/537.36',
  'accept' => 'text/html,application/xhtml+xml,application/xml;q=0.9,image/webp,*/*;q=0.8',
  'connection' => 'close',
  'host' => '127.0.0.4',
)
[ info ] [ PARAM ] array (
)
[ info ] [ VIEW ] C:\Users\Administrator\web\tpflow\application/index/view\index\index.html [ array (
) ]
[ info ] [ LOG ] INIT File
---------------------------------------------------------------
[ 2018-03-23T09:07:13+08:00 ] 127.0.0.1 GET /index/demo/index.html
[ info ] 127.0.0.4/index/demo/index.html [运行时间：0.051003s][吞吐率：19.61req/s] [内存消耗：1,818.59kb] [文件加载：58]
[ info ] [ LANG ] C:\Users\Administrator\web\tpflow\ThinkPHP/lang/zh-cn.php
[ info ] [ ROUTE ] array (
)
[ info ] [ HEADER ] array (
  'accept-language' => 'zh-CN,zh;q=0.8',
  'accept-encoding' => 'gzip,deflate,sdch',
  'referer' => 'http://127.0.0.4/',
  'user-agent' => 'Mozilla/5.0 (Windows NT 6.1; WOW64) AppleWebKit/537.36 (KHTML, like Gecko) Chrome/36.0.1985.143 Safari/537.36',
  'accept' => 'text/html,application/xhtml+xml,application/xml;q=0.9,image/webp,*/*;q=0.8',
  'connection' => 'close',
  'host' => '127.0.0.4',
)
[ info ] [ PARAM ] array (
)
[ info ] [ DB ] INIT mysql
[ info ] [ DB ] INIT mysql
[ info ] [ LOG ] INIT File
[ error ] [1045]SQLSTATE[HY000] [1045] Access denied for user 'root'@'localhost' (using password: YES)[C:\Users\Administrator\web\tpflow\ThinkPHP\library\think\db\Connection.php:501]
---------------------------------------------------------------
[ 2018-03-23T09:07:35+08:00 ] 127.0.0.1 GET /index/demo/index.html
[ info ] 127.0.0.4/index/demo/index.html [运行时间：0.080005s][吞吐率：12.50req/s] [内存消耗：2,049.19kb] [文件加载：64]
[ info ] [ LANG ] C:\Users\Administrator\web\tpflow\ThinkPHP/lang/zh-cn.php
[ info ] [ ROUTE ] array (
)
[ info ] [ HEADER ] array (
  'accept-language' => 'zh-CN,zh;q=0.8',
  'accept-encoding' => 'gzip,deflate,sdch',
  'referer' => 'http://127.0.0.4/',
  'user-agent' => 'Mozilla/5.0 (Windows NT 6.1; WOW64) AppleWebKit/537.36 (KHTML, like Gecko) Chrome/36.0.1985.143 Safari/537.36',
  'accept' => 'text/html,application/xhtml+xml,application/xml;q=0.9,image/webp,*/*;q=0.8',
  'cache-control' => 'max-age=0',
  'connection' => 'close',
  'host' => '127.0.0.4',
)
[ info ] [ PARAM ] array (
)
[ info ] [ DB ] INIT mysql
[ info ] [ DB ] INIT mysql
[ info ] [ VIEW ] C:\Users\Administrator\web\tpflow\application/index/view\demo\index.html [ array (
  0 => 'page',
  1 => 'list',
) ]
[ info ] [ LOG ] INIT File
[ sql ] [ DB ] CONNECT:[ UseTime:0.014001s ] mysql:host=127.0.0.1;port=3306;dbname=tpflow;charset=utf8
[ sql ] [ SQL ] SHOW COLUMNS FROM `leipi_flow` [ RunTime:0.012000s ]
[ sql ] [ SQL ] SELECT `id`,`form_id`,`flow_name`,`flow_desc`,`updatetime`,`dateline` FROM `leipi_flow` WHERE  `is_del` = 0 ORDER BY id desc [ RunTime:0.001000s ]
---------------------------------------------------------------
[ 2018-03-23T09:07:38+08:00 ] 127.0.0.1 GET /index/flowdesign/index/flow_id/4.html
[ info ] 127.0.0.4/index/flowdesign/index/flow_id/4.html [运行时间：0.081004s][吞吐率：12.35req/s] [内存消耗：2,251.78kb] [文件加载：64]
[ info ] [ LANG ] C:\Users\Administrator\web\tpflow\ThinkPHP/lang/zh-cn.php
[ info ] [ ROUTE ] array (
)
[ info ] [ HEADER ] array (
  'accept-language' => 'zh-CN,zh;q=0.8',
  'accept-encoding' => 'gzip,deflate,sdch',
  'referer' => 'http://127.0.0.4/index/demo/index.html',
  'user-agent' => 'Mozilla/5.0 (Windows NT 6.1; WOW64) AppleWebKit/537.36 (KHTML, like Gecko) Chrome/36.0.1985.143 Safari/537.36',
  'accept' => 'text/html,application/xhtml+xml,application/xml;q=0.9,image/webp,*/*;q=0.8',
  'connection' => 'close',
  'host' => '127.0.0.4',
)
[ info ] [ PARAM ] array (
)
[ info ] [ DB ] INIT mysql
[ info ] [ DB ] INIT mysql
[ info ] [ DB ] INIT mysql
[ info ] [ VIEW ] C:\Users\Administrator\web\tpflow\application/index/view\flowdesign\index.html [ array (
  0 => 'one',
  1 => 'process_data',
) ]
[ info ] [ LOG ] INIT File
[ sql ] [ DB ] CONNECT:[ UseTime:0.001000s ] mysql:host=127.0.0.1;port=3306;dbname=tpflow;charset=utf8
[ sql ] [ SQL ] SHOW COLUMNS FROM `leipi_flow` [ RunTime:0.008001s ]
[ sql ] [ SQL ] SELECT * FROM `leipi_flow` WHERE  `id` = 4  AND `is_del` = 0 LIMIT 1 [ RunTime:0.000000s ]
[ sql ] [ DB ] CONNECT:[ UseTime:0.010000s ] mysql:host=127.0.0.1;port=3306;dbname=tpflow;charset=utf8
[ sql ] [ SQL ] SHOW COLUMNS FROM `leipi_flow_process` [ RunTime:0.009001s ]
[ sql ] [ SQL ] SELECT * FROM `leipi_flow_process` WHERE  `flow_id` = 4  AND `is_del` = 0 ORDER BY id asc [ RunTime:0.001000s ]
---------------------------------------------------------------
[ 2018-03-23T09:07:38+08:00 ] 127.0.0.1 GET /Public/images/grid.png
[ info ] 127.0.0.4/Public/images/grid.png [运行时间：0.024001s][吞吐率：41.66req/s] [内存消耗：882.62kb] [文件加载：46]
[ info ] [ LANG ] C:\Users\Administrator\web\tpflow\ThinkPHP/lang/zh-cn.php
[ info ] [ ROUTE ] array (
)
[ info ] [ HEADER ] array (
  'accept-language' => 'zh-CN,zh;q=0.8',
  'accept-encoding' => 'gzip,deflate,sdch',
  'referer' => 'http://127.0.0.4/index/flowdesign/index/flow_id/4.html',
  'user-agent' => 'Mozilla/5.0 (Windows NT 6.1; WOW64) AppleWebKit/537.36 (KHTML, like Gecko) Chrome/36.0.1985.143 Safari/537.36',
  'accept' => 'image/webp,*/*;q=0.8',
  'connection' => 'close',
  'host' => '127.0.0.4',
)
[ info ] [ PARAM ] array (
)
[ info ] [ LOG ] INIT File
---------------------------------------------------------------
[ 2018-03-23T09:07:52+08:00 ] 127.0.0.1 GET /index/index/index.html
[ info ] 127.0.0.4/index/index/index.html [运行时间：0.031002s][吞吐率：32.26req/s] [内存消耗：1,113.28kb] [文件加载：55]
[ info ] [ LANG ] C:\Users\Administrator\web\tpflow\ThinkPHP/lang/zh-cn.php
[ info ] [ ROUTE ] array (
)
[ info ] [ HEADER ] array (
  'accept-language' => 'zh-CN,zh;q=0.8',
  'accept-encoding' => 'gzip,deflate,sdch',
  'referer' => 'http://127.0.0.4/index/demo/index.html',
  'user-agent' => 'Mozilla/5.0 (Windows NT 6.1; WOW64) AppleWebKit/537.36 (KHTML, like Gecko) Chrome/36.0.1985.143 Safari/537.36',
  'accept' => 'text/html,application/xhtml+xml,application/xml;q=0.9,image/webp,*/*;q=0.8',
  'connection' => 'close',
  'host' => '127.0.0.4',
)
[ info ] [ PARAM ] array (
)
[ info ] [ VIEW ] C:\Users\Administrator\web\tpflow\application/index/view\index\index.html [ array (
) ]
[ info ] [ LOG ] INIT File
---------------------------------------------------------------
[ 2018-03-23T09:07:53+08:00 ] 127.0.0.1 GET /index/news/index.html
[ info ] 127.0.0.4/index/news/index.html [运行时间：0.083005s][吞吐率：12.05req/s] [内存消耗：2,233.42kb] [文件加载：80]
[ info ] [ LANG ] C:\Users\Administrator\web\tpflow\ThinkPHP/lang/zh-cn.php
[ info ] [ ROUTE ] array (
)
[ info ] [ HEADER ] array (
  'accept-language' => 'zh-CN,zh;q=0.8',
  'accept-encoding' => 'gzip,deflate,sdch',
  'referer' => 'http://127.0.0.4/index/index/index.html',
  'user-agent' => 'Mozilla/5.0 (Windows NT 6.1; WOW64) AppleWebKit/537.36 (KHTML, like Gecko) Chrome/36.0.1985.143 Safari/537.36',
  'accept' => 'text/html,application/xhtml+xml,application/xml;q=0.9,image/webp,*/*;q=0.8',
  'connection' => 'close',
  'host' => '127.0.0.4',
)
[ info ] [ PARAM ] array (
)
[ info ] [ SESSION ] INIT array (
  'id' => '',
  'var_session_id' => '',
  'prefix' => 'think',
  'type' => '',
  'auto_start' => true,
  'httponly' => true,
  'secure' => false,
)
[ info ] [ DB ] INIT mysql
[ info ] [ VIEW ] C:\Users\Administrator\web\tpflow\application/index/view\news\index.html [ array (
  0 => 'list',
) ]
[ info ] [ LOG ] INIT File
[ sql ] [ DB ] CONNECT:[ UseTime:0.001000s ] mysql:host=127.0.0.1;port=3306;dbname=tpflow;charset=utf8
[ sql ] [ SQL ] SHOW COLUMNS FROM `leipi_news` [ RunTime:0.008001s ]
[ sql ] [ SQL ] SELECT COUNT(*) AS tp_count FROM `leipi_news` LIMIT 1 [ RunTime:0.000000s ]
[ sql ] [ SQL ] SELECT * FROM `leipi_news` ORDER BY id desc LIMIT 0,10 [ RunTime:0.001000s ]
[ sql ] [ SQL ] select * from  leipi_run where from_id='4' and from_table='news' and is_del=0 [ RunTime:0.002001s ]
[ sql ] [ SQL ] select * from  leipi_run where from_id='4' and from_table='news' and is_del=0 and status=0 [ RunTime:0.001000s ]
[ sql ] [ SQL ] select flow_name from leipi_flow where id='4' [ RunTime:0.000000s ]
[ sql ] [ SQL ] select process_name,process_type,process_to,auto_person,auto_sponsor_ids,auto_sponsor_text,is_sing,sign_look,is_back from leipi_flow_process where id='70' [ RunTime:0.000000s ]
[ sql ] [ SQL ] select * from leipi_run_log where from_id='4'  and from_table='news' [ RunTime:0.002000s ]
[ sql ] [ SQL ] select * from  leipi_run where from_id='3' and from_table='news' and is_del=0 [ RunTime:0.000000s ]
[ sql ] [ SQL ] select * from  leipi_run where from_id='3' and from_table='news' and is_del=0 and status=0 [ RunTime:0.000000s ]
[ sql ] [ SQL ] select * from  leipi_run where from_id='2' and from_table='news' and is_del=0 [ RunTime:0.000000s ]
[ sql ] [ SQL ] select * from  leipi_run where from_id='2' and from_table='news' and is_del=0 and status=0 [ RunTime:0.000000s ]
[ sql ] [ SQL ] select * from  leipi_run where from_id='1' and from_table='news' and is_del=0 [ RunTime:0.000000s ]
[ sql ] [ SQL ] select * from  leipi_run where from_id='1' and from_table='news' and is_del=0 and status=0 [ RunTime:0.000000s ]
---------------------------------------------------------------
[ 2018-03-23T09:07:55+08:00 ] 127.0.0.1 GET /index/flow/do_check//wf_type/news/wf_title/%E5%B7%A5%E4%BD%9C%E6%B5%8B%E8%AF%95/wf_fid/4
[ info ] 127.0.0.4/index/flow/do_check//wf_type/news/wf_title/%E5%B7%A5%E4%BD%9C%E6%B5%8B%E8%AF%95/wf_fid/4 [运行时间：0.062003s][吞吐率：16.13req/s] [内存消耗：2,117.23kb] [文件加载：74]
[ info ] [ LANG ] C:\Users\Administrator\web\tpflow\ThinkPHP/lang/zh-cn.php
[ info ] [ ROUTE ] array (
)
[ info ] [ HEADER ] array (
  'cookie' => 'PHPSESSID=n9j0p3cbi95a0ntl5he36pqtns',
  'accept-language' => 'zh-CN,zh;q=0.8',
  'accept-encoding' => 'gzip,deflate,sdch',
  'referer' => 'http://127.0.0.4/index/news/index.html',
  'user-agent' => 'Mozilla/5.0 (Windows NT 6.1; WOW64) AppleWebKit/537.36 (KHTML, like Gecko) Chrome/36.0.1985.143 Safari/537.36',
  'accept' => 'text/html,application/xhtml+xml,application/xml;q=0.9,image/webp,*/*;q=0.8',
  'connection' => 'close',
  'host' => '127.0.0.4',
)
[ info ] [ PARAM ] array (
)
[ info ] [ DB ] INIT mysql
[ info ] [ VIEW ] C:\Users\Administrator\web\tpflow\application/index/view\flow\do_check.html [ array (
  0 => 'info',
  1 => 'flowinfo',
  2 => 'bill_url',
) ]
[ info ] [ LOG ] INIT File
[ sql ] [ DB ] CONNECT:[ UseTime:0.011001s ] mysql:host=127.0.0.1;port=3306;dbname=tpflow;charset=utf8
[ sql ] [ SQL ] select * from  leipi_run where from_id='4' and from_table='news' and is_del=0 [ RunTime:0.000000s ]
[ sql ] [ SQL ] select * from  leipi_run where from_id='4' and from_table='news' and is_del=0 and status=0 [ RunTime:0.001000s ]
[ sql ] [ SQL ] select flow_name from leipi_flow where id='4' [ RunTime:0.000000s ]
[ sql ] [ SQL ] select process_name,process_type,process_to,auto_person,auto_sponsor_ids,auto_sponsor_text,is_sing,sign_look,is_back from leipi_flow_process where id='70' [ RunTime:0.000000s ]
[ sql ] [ SQL ] select * from leipi_run_log where from_id='4'  and from_table='news' [ RunTime:0.001000s ]
---------------------------------------------------------------
[ 2018-03-23T09:07:55+08:00 ] 127.0.0.1 GET /index/news/view/id/4.html
[ info ] 127.0.0.4/index/news/view/id/4.html [运行时间：0.065004s][吞吐率：15.38req/s] [内存消耗：2,081.41kb] [文件加载：64]
[ info ] [ LANG ] C:\Users\Administrator\web\tpflow\ThinkPHP/lang/zh-cn.php
[ info ] [ ROUTE ] array (
)
[ info ] [ HEADER ] array (
  'cookie' => 'PHPSESSID=n9j0p3cbi95a0ntl5he36pqtns',
  'accept-language' => 'zh-CN,zh;q=0.8',
  'accept-encoding' => 'gzip,deflate,sdch',
  'referer' => 'http://127.0.0.4/index/flow/do_check//wf_type/news/wf_title/%E5%B7%A5%E4%BD%9C%E6%B5%8B%E8%AF%95/wf_fid/4',
  'user-agent' => 'Mozilla/5.0 (Windows NT 6.1; WOW64) AppleWebKit/537.36 (KHTML, like Gecko) Chrome/36.0.1985.143 Safari/537.36',
  'accept' => 'text/html,application/xhtml+xml,application/xml;q=0.9,image/webp,*/*;q=0.8',
  'connection' => 'close',
  'host' => '127.0.0.4',
)
[ info ] [ PARAM ] array (
)
[ info ] [ SESSION ] INIT array (
  'id' => '',
  'var_session_id' => '',
  'prefix' => 'think',
  'type' => '',
  'auto_start' => true,
  'httponly' => true,
  'secure' => false,
)
[ info ] [ DB ] INIT mysql
[ info ] [ DB ] INIT mysql
[ info ] [ VIEW ] C:\Users\Administrator\web\tpflow\application/index/view\news\view.html [ array (
  0 => 'info',
) ]
[ info ] [ DB ] INIT mysql
[ info ] [ LOG ] INIT File
[ sql ] [ DB ] CONNECT:[ UseTime:0.001001s ] mysql:host=127.0.0.1;port=3306;dbname=tpflow;charset=utf8
[ sql ] [ SQL ] SHOW COLUMNS FROM `leipi_news` [ RunTime:0.009000s ]
[ sql ] [ SQL ] SELECT * FROM `leipi_news` WHERE  `id` = 4 LIMIT 1 [ RunTime:0.000000s ]
[ sql ] [ DB ] CONNECT:[ UseTime:0.001000s ] mysql:host=127.0.0.1;port=3306;dbname=tpflow;charset=utf8
[ sql ] [ SQL ] SHOW COLUMNS FROM `leipi_news_type` [ RunTime:0.008001s ]
[ sql ] [ SQL ] SELECT `type` FROM `leipi_news_type` WHERE  `id` = 1 LIMIT 1 [ RunTime:0.000000s ]
---------------------------------------------------------------
[ 2018-03-23T01:39:21+00:00 ] 127.0.0.1 GET /
[ info ] 127.0.0.4/ [运行时间：0.012000s][吞吐率：83.33req/s] [内存消耗：208.33kb] [文件加载：21]
[ error ] [0]Parse error: syntax error, unexpected '}', expecting end of file[C:\Users\Administrator\web\tpflow\application\common.php:79]
[ info ] [ LOG ] INIT File
---------------------------------------------------------------
[ 2018-03-23T09:39:47+08:00 ] 127.0.0.1 GET /
[ info ] 127.0.0.4/ [运行时间：0.037002s][吞吐率：27.03req/s] [内存消耗：1,066.13kb] [文件加载：55]
[ info ] [ LANG ] C:\Users\Administrator\web\tpflow\ThinkPHP/lang/zh-cn.php
[ info ] [ ROUTE ] array (
)
[ info ] [ HEADER ] array (
  'accept-language' => 'zh-CN,zh;q=0.8',
  'accept-encoding' => 'gzip,deflate,sdch',
  'user-agent' => 'Mozilla/5.0 (Windows NT 6.1; WOW64) AppleWebKit/537.36 (KHTML, like Gecko) Chrome/36.0.1985.143 Safari/537.36',
  'accept' => 'text/html,application/xhtml+xml,application/xml;q=0.9,image/webp,*/*;q=0.8',
  'cache-control' => 'max-age=0',
  'connection' => 'close',
  'host' => '127.0.0.4',
)
[ info ] [ PARAM ] array (
)
[ info ] [ VIEW ] C:\Users\Administrator\web\tpflow\application/index/view\index\index.html [ array (
) ]
[ info ] [ LOG ] INIT File
---------------------------------------------------------------
[ 2018-03-23T09:39:49+08:00 ] 127.0.0.1 GET /index/news/index.html
[ info ] 127.0.0.4/index/news/index.html [运行时间：0.079005s][吞吐率：12.66req/s] [内存消耗：2,066.95kb] [文件加载：78]
[ info ] [ LANG ] C:\Users\Administrator\web\tpflow\ThinkPHP/lang/zh-cn.php
[ info ] [ ROUTE ] array (
)
[ info ] [ HEADER ] array (
  'accept-language' => 'zh-CN,zh;q=0.8',
  'accept-encoding' => 'gzip,deflate,sdch',
  'referer' => 'http://127.0.0.4/',
  'user-agent' => 'Mozilla/5.0 (Windows NT 6.1; WOW64) AppleWebKit/537.36 (KHTML, like Gecko) Chrome/36.0.1985.143 Safari/537.36',
  'accept' => 'text/html,application/xhtml+xml,application/xml;q=0.9,image/webp,*/*;q=0.8',
  'connection' => 'close',
  'host' => '127.0.0.4',
)
[ info ] [ PARAM ] array (
)
[ info ] [ SESSION ] INIT array (
  'id' => '',
  'var_session_id' => '',
  'prefix' => 'think',
  'type' => '',
  'auto_start' => true,
  'httponly' => true,
  'secure' => false,
)
[ info ] [ DB ] INIT mysql
[ info ] [ VIEW ] C:\Users\Administrator\web\tpflow\application/index/view\news\index.html [ array (
  0 => 'list',
) ]
[ info ] [ LOG ] INIT File
[ sql ] [ DB ] CONNECT:[ UseTime:0.002000s ] mysql:host=127.0.0.1;port=3306;dbname=tpflow;charset=utf8
[ sql ] [ SQL ] SHOW COLUMNS FROM `leipi_news` [ RunTime:0.010001s ]
[ sql ] [ SQL ] SELECT COUNT(*) AS tp_count FROM `leipi_news` LIMIT 1 [ RunTime:0.000000s ]
[ sql ] [ SQL ] SELECT * FROM `leipi_news` ORDER BY id desc LIMIT 0,10 [ RunTime:0.001000s ]
[ sql ] [ SQL ] select * from  leipi_run where from_id='4' and from_table='news' and is_del=0 [ RunTime:0.001000s ]
[ sql ] [ SQL ] select * from  leipi_run where from_id='4' and from_table='news' and is_del=0 and status=0 [ RunTime:0.000000s ]
[ sql ] [ SQL ] select flow_name from leipi_flow where id='4' [ RunTime:0.001000s ]
[ sql ] [ SQL ] select process_name,process_type,process_to,auto_person,auto_sponsor_ids,auto_sponsor_text,is_sing,sign_look,is_back from leipi_flow_process where id='70' [ RunTime:0.001000s ]
[ sql ] [ SQL ] select * from leipi_run_log where from_id='4'  and from_table='news' [ RunTime:0.000000s ]
[ sql ] [ SQL ] select * from  leipi_run where from_id='3' and from_table='news' and is_del=0 [ RunTime:0.000000s ]
[ sql ] [ SQL ] select * from  leipi_run where from_id='3' and from_table='news' and is_del=0 and status=0 [ RunTime:0.001000s ]
[ sql ] [ SQL ] select * from  leipi_run where from_id='2' and from_table='news' and is_del=0 [ RunTime:0.000000s ]
[ sql ] [ SQL ] select * from  leipi_run where from_id='2' and from_table='news' and is_del=0 and status=0 [ RunTime:0.001000s ]
[ sql ] [ SQL ] select * from  leipi_run where from_id='1' and from_table='news' and is_del=0 [ RunTime:0.001000s ]
[ sql ] [ SQL ] select * from  leipi_run where from_id='1' and from_table='news' and is_del=0 and status=0 [ RunTime:0.000000s ]
---------------------------------------------------------------
[ 2018-03-23T09:39:54+08:00 ] 127.0.0.1 GET /index/flow/do_check//wf_type/news/wf_title/%E5%B7%A5%E4%BD%9C%E6%B5%8B%E8%AF%95/wf_fid/4
[ info ] 127.0.0.4/index/flow/do_check//wf_type/news/wf_title/%E5%B7%A5%E4%BD%9C%E6%B5%8B%E8%AF%95/wf_fid/4 [运行时间：0.050003s][吞吐率：20.00req/s] [内存消耗：1,949.48kb] [文件加载：72]
[ info ] [ LANG ] C:\Users\Administrator\web\tpflow\ThinkPHP/lang/zh-cn.php
[ info ] [ ROUTE ] array (
)
[ info ] [ HEADER ] array (
  'cookie' => 'PHPSESSID=bnutvvqbqi6rut3jstg1unb5c2',
  'accept-language' => 'zh-CN,zh;q=0.8',
  'accept-encoding' => 'gzip,deflate,sdch',
  'referer' => 'http://127.0.0.4/index/news/index.html',
  'user-agent' => 'Mozilla/5.0 (Windows NT 6.1; WOW64) AppleWebKit/537.36 (KHTML, like Gecko) Chrome/36.0.1985.143 Safari/537.36',
  'accept' => 'text/html,application/xhtml+xml,application/xml;q=0.9,image/webp,*/*;q=0.8',
  'connection' => 'close',
  'host' => '127.0.0.4',
)
[ info ] [ PARAM ] array (
)
[ info ] [ DB ] INIT mysql
[ info ] [ VIEW ] C:\Users\Administrator\web\tpflow\application/index/view\flow\do_check.html [ array (
  0 => 'info',
  1 => 'flowinfo',
  2 => 'bill_url',
) ]
[ info ] [ LOG ] INIT File
[ sql ] [ DB ] CONNECT:[ UseTime:0.001000s ] mysql:host=127.0.0.1;port=3306;dbname=tpflow;charset=utf8
[ sql ] [ SQL ] select * from  leipi_run where from_id='4' and from_table='news' and is_del=0 [ RunTime:0.001000s ]
[ sql ] [ SQL ] select * from  leipi_run where from_id='4' and from_table='news' and is_del=0 and status=0 [ RunTime:0.000000s ]
[ sql ] [ SQL ] select flow_name from leipi_flow where id='4' [ RunTime:0.001000s ]
[ sql ] [ SQL ] select process_name,process_type,process_to,auto_person,auto_sponsor_ids,auto_sponsor_text,is_sing,sign_look,is_back from leipi_flow_process where id='70' [ RunTime:0.000000s ]
[ sql ] [ SQL ] select * from leipi_run_log where from_id='4'  and from_table='news' [ RunTime:0.000000s ]
---------------------------------------------------------------
[ 2018-03-23T09:39:54+08:00 ] 127.0.0.1 GET /index/news/view/id/4.html
[ info ] 127.0.0.4/index/news/view/id/4.html [运行时间：0.061003s][吞吐率：16.39req/s] [内存消耗：1,893.57kb] [文件加载：64]
[ info ] [ LANG ] C:\Users\Administrator\web\tpflow\ThinkPHP/lang/zh-cn.php
[ info ] [ ROUTE ] array (
)
[ info ] [ HEADER ] array (
  'cookie' => 'PHPSESSID=bnutvvqbqi6rut3jstg1unb5c2',
  'accept-language' => 'zh-CN,zh;q=0.8',
  'accept-encoding' => 'gzip,deflate,sdch',
  'referer' => 'http://127.0.0.4/index/flow/do_check//wf_type/news/wf_title/%E5%B7%A5%E4%BD%9C%E6%B5%8B%E8%AF%95/wf_fid/4',
  'user-agent' => 'Mozilla/5.0 (Windows NT 6.1; WOW64) AppleWebKit/537.36 (KHTML, like Gecko) Chrome/36.0.1985.143 Safari/537.36',
  'accept' => 'text/html,application/xhtml+xml,application/xml;q=0.9,image/webp,*/*;q=0.8',
  'connection' => 'close',
  'host' => '127.0.0.4',
)
[ info ] [ PARAM ] array (
)
[ info ] [ SESSION ] INIT array (
  'id' => '',
  'var_session_id' => '',
  'prefix' => 'think',
  'type' => '',
  'auto_start' => true,
  'httponly' => true,
  'secure' => false,
)
[ info ] [ DB ] INIT mysql
[ info ] [ DB ] INIT mysql
[ info ] [ VIEW ] C:\Users\Administrator\web\tpflow\application/index/view\news\view.html [ array (
  0 => 'info',
) ]
[ info ] [ LOG ] INIT File
[ sql ] [ DB ] CONNECT:[ UseTime:0.011001s ] mysql:host=127.0.0.1;port=3306;dbname=tpflow;charset=utf8
[ sql ] [ SQL ] SHOW COLUMNS FROM `leipi_news` [ RunTime:0.008000s ]
[ sql ] [ SQL ] SELECT * FROM `leipi_news` WHERE  `id` = 4 LIMIT 1 [ RunTime:0.001000s ]
[ error ] [0]致命错误: Call to undefined function get_commonval()[C:\Users\Administrator\web\tpflow\runtime\temp\a135676da26c1fd681581807d690a750.php:43]
---------------------------------------------------------------
[ 2018-03-23T09:40:24+08:00 ] 127.0.0.1 GET /index/flow/do_check//wf_type/news/wf_title/%E5%B7%A5%E4%BD%9C%E6%B5%8B%E8%AF%95/wf_fid/4
[ info ] 127.0.0.4/index/flow/do_check//wf_type/news/wf_title/%E5%B7%A5%E4%BD%9C%E6%B5%8B%E8%AF%95/wf_fid/4 [运行时间：0.049003s][吞吐率：20.41req/s] [内存消耗：1,950.30kb] [文件加载：72]
[ info ] [ LANG ] C:\Users\Administrator\web\tpflow\ThinkPHP/lang/zh-cn.php
[ info ] [ ROUTE ] array (
)
[ info ] [ HEADER ] array (
  'cookie' => 'PHPSESSID=bnutvvqbqi6rut3jstg1unb5c2',
  'accept-language' => 'zh-CN,zh;q=0.8',
  'accept-encoding' => 'gzip,deflate,sdch',
  'referer' => 'http://127.0.0.4/index/news/index.html',
  'user-agent' => 'Mozilla/5.0 (Windows NT 6.1; WOW64) AppleWebKit/537.36 (KHTML, like Gecko) Chrome/36.0.1985.143 Safari/537.36',
  'accept' => 'text/html,application/xhtml+xml,application/xml;q=0.9,image/webp,*/*;q=0.8',
  'connection' => 'close',
  'host' => '127.0.0.4',
)
[ info ] [ PARAM ] array (
)
[ info ] [ DB ] INIT mysql
[ info ] [ VIEW ] C:\Users\Administrator\web\tpflow\application/index/view\flow\do_check.html [ array (
  0 => 'info',
  1 => 'flowinfo',
  2 => 'bill_url',
) ]
[ info ] [ LOG ] INIT File
[ sql ] [ DB ] CONNECT:[ UseTime:0.000000s ] mysql:host=127.0.0.1;port=3306;dbname=tpflow;charset=utf8
[ sql ] [ SQL ] select * from  leipi_run where from_id='4' and from_table='news' and is_del=0 [ RunTime:0.001000s ]
[ sql ] [ SQL ] select * from  leipi_run where from_id='4' and from_table='news' and is_del=0 and status=0 [ RunTime:0.000000s ]
[ sql ] [ SQL ] select flow_name from leipi_flow where id='4' [ RunTime:0.000000s ]
[ sql ] [ SQL ] select process_name,process_type,process_to,auto_person,auto_sponsor_ids,auto_sponsor_text,is_sing,sign_look,is_back from leipi_flow_process where id='70' [ RunTime:0.001000s ]
[ sql ] [ SQL ] select * from leipi_run_log where from_id='4'  and from_table='news' [ RunTime:0.000000s ]
---------------------------------------------------------------
[ 2018-03-23T09:40:24+08:00 ] 127.0.0.1 GET /index/news/view/id/4.html
[ info ] 127.0.0.4/index/news/view/id/4.html [运行时间：0.068004s][吞吐率：14.70req/s] [内存消耗：1,923.98kb] [文件加载：62]
[ info ] [ LANG ] C:\Users\Administrator\web\tpflow\ThinkPHP/lang/zh-cn.php
[ info ] [ ROUTE ] array (
)
[ info ] [ HEADER ] array (
  'cookie' => 'PHPSESSID=bnutvvqbqi6rut3jstg1unb5c2',
  'accept-language' => 'zh-CN,zh;q=0.8',
  'accept-encoding' => 'gzip,deflate,sdch',
  'referer' => 'http://127.0.0.4/index/flow/do_check//wf_type/news/wf_title/%E5%B7%A5%E4%BD%9C%E6%B5%8B%E8%AF%95/wf_fid/4',
  'user-agent' => 'Mozilla/5.0 (Windows NT 6.1; WOW64) AppleWebKit/537.36 (KHTML, like Gecko) Chrome/36.0.1985.143 Safari/537.36',
  'accept' => 'text/html,application/xhtml+xml,application/xml;q=0.9,image/webp,*/*;q=0.8',
  'connection' => 'close',
  'host' => '127.0.0.4',
)
[ info ] [ PARAM ] array (
)
[ info ] [ SESSION ] INIT array (
  'id' => '',
  'var_session_id' => '',
  'prefix' => 'think',
  'type' => '',
  'auto_start' => true,
  'httponly' => true,
  'secure' => false,
)
[ info ] [ DB ] INIT mysql
[ info ] [ DB ] INIT mysql
[ info ] [ VIEW ] C:\Users\Administrator\web\tpflow\application/index/view\news\view.html [ array (
  0 => 'info',
) ]
[ info ] [ DB ] INIT mysql
[ info ] [ LOG ] INIT File
[ sql ] [ DB ] CONNECT:[ UseTime:0.010000s ] mysql:host=127.0.0.1;port=3306;dbname=tpflow;charset=utf8
[ sql ] [ SQL ] SHOW COLUMNS FROM `leipi_news` [ RunTime:0.009001s ]
[ sql ] [ SQL ] SELECT * FROM `leipi_news` WHERE  `id` = 4 LIMIT 1 [ RunTime:0.000000s ]
[ sql ] [ DB ] CONNECT:[ UseTime:0.001000s ] mysql:host=127.0.0.1;port=3306;dbname=tpflow;charset=utf8
[ sql ] [ SQL ] SHOW COLUMNS FROM `leipi_news_type` [ RunTime:0.008000s ]
[ sql ] [ SQL ] SELECT `type` FROM `leipi_news_type` WHERE  `id` = 1 LIMIT 1 [ RunTime:0.001000s ]
---------------------------------------------------------------
[ 2018-03-23T09:40:56+08:00 ] 127.0.0.1 GET /index/index/index.html
[ info ] 127.0.0.4/index/index/index.html [运行时间：0.032002s][吞吐率：31.25req/s] [内存消耗：1,069.76kb] [文件加载：55]
[ info ] [ LANG ] C:\Users\Administrator\web\tpflow\ThinkPHP/lang/zh-cn.php
[ info ] [ ROUTE ] array (
)
[ info ] [ HEADER ] array (
  'cookie' => 'PHPSESSID=bnutvvqbqi6rut3jstg1unb5c2',
  'accept-language' => 'zh-CN,zh;q=0.8',
  'accept-encoding' => 'gzip,deflate,sdch',
  'referer' => 'http://127.0.0.4/index/news/index.html',
  'user-agent' => 'Mozilla/5.0 (Windows NT 6.1; WOW64) AppleWebKit/537.36 (KHTML, like Gecko) Chrome/36.0.1985.143 Safari/537.36',
  'accept' => 'text/html,application/xhtml+xml,application/xml;q=0.9,image/webp,*/*;q=0.8',
  'connection' => 'close',
  'host' => '127.0.0.4',
)
[ info ] [ PARAM ] array (
)
[ info ] [ VIEW ] C:\Users\Administrator\web\tpflow\application/index/view\index\index.html [ array (
) ]
[ info ] [ LOG ] INIT File
---------------------------------------------------------------
[ 2018-03-23T09:40:58+08:00 ] 127.0.0.1 GET /index/demo/index.html
[ info ] 127.0.0.4/index/demo/index.html [运行时间：0.054003s][吞吐率：18.52req/s] [内存消耗：1,889.67kb] [文件加载：62]
[ info ] [ LANG ] C:\Users\Administrator\web\tpflow\ThinkPHP/lang/zh-cn.php
[ info ] [ ROUTE ] array (
)
[ info ] [ HEADER ] array (
  'cookie' => 'PHPSESSID=bnutvvqbqi6rut3jstg1unb5c2',
  'accept-language' => 'zh-CN,zh;q=0.8',
  'accept-encoding' => 'gzip,deflate,sdch',
  'referer' => 'http://127.0.0.4/index/index/index.html',
  'user-agent' => 'Mozilla/5.0 (Windows NT 6.1; WOW64) AppleWebKit/537.36 (KHTML, like Gecko) Chrome/36.0.1985.143 Safari/537.36',
  'accept' => 'text/html,application/xhtml+xml,application/xml;q=0.9,image/webp,*/*;q=0.8',
  'connection' => 'close',
  'host' => '127.0.0.4',
)
[ info ] [ PARAM ] array (
)
[ info ] [ DB ] INIT mysql
[ info ] [ DB ] INIT mysql
[ info ] [ VIEW ] C:\Users\Administrator\web\tpflow\application/index/view\demo\index.html [ array (
  0 => 'page',
  1 => 'list',
) ]
[ info ] [ LOG ] INIT File
[ sql ] [ DB ] CONNECT:[ UseTime:0.000000s ] mysql:host=127.0.0.1;port=3306;dbname=tpflow;charset=utf8
[ sql ] [ SQL ] SHOW COLUMNS FROM `leipi_flow` [ RunTime:0.013001s ]
[ sql ] [ SQL ] SELECT `id`,`form_id`,`flow_name`,`flow_desc`,`updatetime`,`dateline` FROM `leipi_flow` WHERE  `is_del` = 0 ORDER BY id desc [ RunTime:0.000000s ]
---------------------------------------------------------------
[ 2018-03-23T09:40:59+08:00 ] 127.0.0.1 GET /index/flowdesign/index/flow_id/2.html
[ info ] 127.0.0.4/index/flowdesign/index/flow_id/2.html [运行时间：0.061003s][吞吐率：16.39req/s] [内存消耗：2,061.22kb] [文件加载：62]
[ info ] [ LANG ] C:\Users\Administrator\web\tpflow\ThinkPHP/lang/zh-cn.php
[ info ] [ ROUTE ] array (
)
[ info ] [ HEADER ] array (
  'cookie' => 'PHPSESSID=bnutvvqbqi6rut3jstg1unb5c2',
  'accept-language' => 'zh-CN,zh;q=0.8',
  'accept-encoding' => 'gzip,deflate,sdch',
  'referer' => 'http://127.0.0.4/index/demo/index.html',
  'user-agent' => 'Mozilla/5.0 (Windows NT 6.1; WOW64) AppleWebKit/537.36 (KHTML, like Gecko) Chrome/36.0.1985.143 Safari/537.36',
  'accept' => 'text/html,application/xhtml+xml,application/xml;q=0.9,image/webp,*/*;q=0.8',
  'connection' => 'close',
  'host' => '127.0.0.4',
)
[ info ] [ PARAM ] array (
)
[ info ] [ DB ] INIT mysql
[ info ] [ DB ] INIT mysql
[ info ] [ DB ] INIT mysql
[ info ] [ VIEW ] C:\Users\Administrator\web\tpflow\application/index/view\flowdesign\index.html [ array (
  0 => 'one',
  1 => 'process_data',
) ]
[ info ] [ LOG ] INIT File
[ sql ] [ DB ] CONNECT:[ UseTime:0.001000s ] mysql:host=127.0.0.1;port=3306;dbname=tpflow;charset=utf8
[ sql ] [ SQL ] SHOW COLUMNS FROM `leipi_flow` [ RunTime:0.009000s ]
[ sql ] [ SQL ] SELECT * FROM `leipi_flow` WHERE  `id` = 2  AND `is_del` = 0 LIMIT 1 [ RunTime:0.000000s ]
[ sql ] [ DB ] CONNECT:[ UseTime:0.001000s ] mysql:host=127.0.0.1;port=3306;dbname=tpflow;charset=utf8
[ sql ] [ SQL ] SHOW COLUMNS FROM `leipi_flow_process` [ RunTime:0.008001s ]
[ sql ] [ SQL ] SELECT * FROM `leipi_flow_process` WHERE  `flow_id` = 2  AND `is_del` = 0 ORDER BY id asc [ RunTime:0.001000s ]
---------------------------------------------------------------
[ 2018-03-23T09:40:59+08:00 ] 127.0.0.1 GET /Public/images/grid.png
[ info ] 127.0.0.4/Public/images/grid.png [运行时间：0.024001s][吞吐率：41.67req/s] [内存消耗：839.16kb] [文件加载：46]
[ info ] [ LANG ] C:\Users\Administrator\web\tpflow\ThinkPHP/lang/zh-cn.php
[ info ] [ ROUTE ] array (
)
[ info ] [ HEADER ] array (
  'cookie' => 'PHPSESSID=bnutvvqbqi6rut3jstg1unb5c2',
  'accept-language' => 'zh-CN,zh;q=0.8',
  'accept-encoding' => 'gzip,deflate,sdch',
  'referer' => 'http://127.0.0.4/index/flowdesign/index/flow_id/2.html',
  'user-agent' => 'Mozilla/5.0 (Windows NT 6.1; WOW64) AppleWebKit/537.36 (KHTML, like Gecko) Chrome/36.0.1985.143 Safari/537.36',
  'accept' => 'image/webp,*/*;q=0.8',
  'connection' => 'close',
  'host' => '127.0.0.4',
)
[ info ] [ PARAM ] array (
)
[ info ] [ LOG ] INIT File
---------------------------------------------------------------
[ 2018-03-23T09:41:04+08:00 ] 127.0.0.1 GET /index/flowdesign/index/flow_id/4.html
[ info ] 127.0.0.4/index/flowdesign/index/flow_id/4.html [运行时间：0.082005s][吞吐率：12.19req/s] [内存消耗：2,069.76kb] [文件加载：62]
[ info ] [ LANG ] C:\Users\Administrator\web\tpflow\ThinkPHP/lang/zh-cn.php
[ info ] [ ROUTE ] array (
)
[ info ] [ HEADER ] array (
  'cookie' => 'PHPSESSID=bnutvvqbqi6rut3jstg1unb5c2',
  'accept-language' => 'zh-CN,zh;q=0.8',
  'accept-encoding' => 'gzip,deflate,sdch',
  'referer' => 'http://127.0.0.4/index/demo/index.html',
  'user-agent' => 'Mozilla/5.0 (Windows NT 6.1; WOW64) AppleWebKit/537.36 (KHTML, like Gecko) Chrome/36.0.1985.143 Safari/537.36',
  'accept' => 'text/html,application/xhtml+xml,application/xml;q=0.9,image/webp,*/*;q=0.8',
  'connection' => 'close',
  'host' => '127.0.0.4',
)
[ info ] [ PARAM ] array (
)
[ info ] [ DB ] INIT mysql
[ info ] [ DB ] INIT mysql
[ info ] [ DB ] INIT mysql
[ info ] [ VIEW ] C:\Users\Administrator\web\tpflow\application/index/view\flowdesign\index.html [ array (
  0 => 'one',
  1 => 'process_data',
) ]
[ info ] [ LOG ] INIT File
[ sql ] [ DB ] CONNECT:[ UseTime:0.011001s ] mysql:host=127.0.0.1;port=3306;dbname=tpflow;charset=utf8
[ sql ] [ SQL ] SHOW COLUMNS FROM `leipi_flow` [ RunTime:0.010000s ]
[ sql ] [ SQL ] SELECT * FROM `leipi_flow` WHERE  `id` = 4  AND `is_del` = 0 LIMIT 1 [ RunTime:0.001000s ]
[ sql ] [ DB ] CONNECT:[ UseTime:0.010001s ] mysql:host=127.0.0.1;port=3306;dbname=tpflow;charset=utf8
[ sql ] [ SQL ] SHOW COLUMNS FROM `leipi_flow_process` [ RunTime:0.008000s ]
[ sql ] [ SQL ] SELECT * FROM `leipi_flow_process` WHERE  `flow_id` = 4  AND `is_del` = 0 ORDER BY id asc [ RunTime:0.001001s ]
---------------------------------------------------------------
[ 2018-03-23T09:41:06+08:00 ] 127.0.0.1 POST /index/flowdesign/save_canvas.html
[ info ] 127.0.0.4/index/flowdesign/save_canvas.html [运行时间：0.096005s][吞吐率：10.42req/s] [内存消耗：2,048.64kb] [文件加载：62]
[ info ] [ LANG ] C:\Users\Administrator\web\tpflow\ThinkPHP/lang/zh-cn.php
[ info ] [ ROUTE ] array (
)
[ info ] [ HEADER ] array (
  'cookie' => 'PHPSESSID=bnutvvqbqi6rut3jstg1unb5c2',
  'accept-language' => 'zh-CN,zh;q=0.8',
  'accept-encoding' => 'gzip,deflate,sdch',
  'referer' => 'http://127.0.0.4/index/flowdesign/index/flow_id/4.html',
  'content-type' => 'application/x-www-form-urlencoded; charset=UTF-8',
  'user-agent' => 'Mozilla/5.0 (Windows NT 6.1; WOW64) AppleWebKit/537.36 (KHTML, like Gecko) Chrome/36.0.1985.143 Safari/537.36',
  'x-requested-with' => 'XMLHttpRequest',
  'origin' => 'http://127.0.0.4',
  'accept' => 'application/json, text/javascript, */*; q=0.01',
  'content-length' => '288',
  'connection' => 'close',
  'host' => '127.0.0.4',
)
[ info ] [ PARAM ] array (
  'flow_id' => '4',
  'process_info' => '{&quot;70&quot;:{&quot;top&quot;:215,&quot;left&quot;:436,&quot;process_to&quot;:[&quot;71&quot;]},&quot;71&quot;:{&quot;top&quot;:404,&quot;left&quot;:569,&quot;process_to&quot;:[&quot;72&quot;]},&quot;72&quot;:{&quot;top&quot;:331,&quot;left&quot;:778,&quot;process_to&quot;:[]}}',
)
[ info ] [ DB ] INIT mysql
[ info ] [ DB ] INIT mysql
[ info ] [ DB ] INIT mysql
[ info ] [ CACHE ] INIT File
[ info ] [ DB ] INIT mysql
[ info ] [ DB ] INIT mysql
[ info ] [ LOG ] INIT File
[ sql ] [ DB ] CONNECT:[ UseTime:0.010001s ] mysql:host=127.0.0.1;port=3306;dbname=tpflow;charset=utf8
[ sql ] [ SQL ] SHOW COLUMNS FROM `leipi_flow` [ RunTime:0.008000s ]
[ sql ] [ SQL ] SELECT `id` FROM `leipi_flow` WHERE  `id` = 4  AND `is_del` = 0 LIMIT 1 [ RunTime:0.001001s ]
[ sql ] [ DB ] CONNECT:[ UseTime:0.001000s ] mysql:host=127.0.0.1;port=3306;dbname=tpflow;charset=utf8
[ sql ] [ SQL ] SHOW COLUMNS FROM `leipi_flow_process` [ RunTime:0.008000s ]
[ sql ] [ SQL ] UPDATE `leipi_flow_process`  SET `setleft` = 436 , `settop` = 215 , `process_to` = '71' , `updatetime` = 1521769266  WHERE  `id` = 70  AND `flow_id` = 4  AND `is_del` = 0 [ RunTime:0.005001s ]
[ sql ] [ DB ] CONNECT:[ UseTime:0.010000s ] mysql:host=127.0.0.1;port=3306;dbname=tpflow;charset=utf8
[ sql ] [ SQL ] UPDATE `leipi_flow_process`  SET `setleft` = 569 , `settop` = 404 , `process_to` = '72' , `updatetime` = 1521769266  WHERE  `id` = 71  AND `flow_id` = 4  AND `is_del` = 0 [ RunTime:0.005001s ]
[ sql ] [ DB ] CONNECT:[ UseTime:0.001000s ] mysql:host=127.0.0.1;port=3306;dbname=tpflow;charset=utf8
[ sql ] [ SQL ] UPDATE `leipi_flow_process`  SET `setleft` = 778 , `settop` = 331 , `process_to` = '' , `updatetime` = 1521769266  WHERE  `id` = 72  AND `flow_id` = 4  AND `is_del` = 0 [ RunTime:0.002000s ]
